▶ [fisioterapeuta] render 9:16
✅ [fisioterapeuta] 10.4MB em 6.8s
▶ [crianca-medica] render 9:16
✅ [crianca-medica] 9.9MB em 6.7s
▶ [enfermeira] render 9:16
✅ [enfermeira] 10.2MB em 6.9s
▶ [psicologa] render 9:16
✅ [psicologa] 10.2MB em 6.8s
▶ [dentista] render 9:16
✅ [dentista] 10.1MB em 6.5s
▶ [farmaceutica] render 9:16
✅ [farmaceutica] 10.6MB em 6.6s
▶ [nutricionista] render 9:16
✅ [nutricionista] 10.4MB em 6.7s
▶ [fonoaudiologa] render 9:16
✅ [fonoaudiologa] 10.4MB em 6.7s
▶ [terapeuta-ocupacional] render 9:16
✅ [terapeuta-ocupacional] 10.4MB em 6.7s
▶ [biomedica] render 9:16
✅ [biomedica] 10.2MB em 6.8s
▶ [professora-fundamental] render 9:16
✅ [professora-fundamental] 10.7MB em 6.8s
▶ [professora-medio] render 9:16
✅ [professora-medio] 10.3MB em 6.7s
▶ [pedagoga] render 9:16
✅ [pedagoga] 10.4MB em 6.6s
▶ [educacao-infantil] render 9:16
✅ [educacao-infantil] 10.9MB em 6.7s
▶ [psicopedagoga] render 9:16
✅ [psicopedagoga] 10.9MB em 6.8s
▶ [contador] render 9:16
✅ [contador] 10.2MB em 6.5s
▶ [advogada] render 9:16
✅ [advogada] 10.5MB em 6.6s
▶ [secretaria] render 9:16
✅ [secretaria] 10.2MB em 6.7s
▶ [administrador] render 9:16
✅ [administrador] 10.4MB em 6.7s
▶ [analista-rh] render 9:16
✅ [analista-rh] 10.3MB em 6.7s
▶ [eletricista] render 9:16
✅ [eletricista] 11.0MB em 6.7s
▶ [encanador] render 9:16
✅ [encanador] 11.0MB em 6.7s
▶ [mecanico] render 9:16
✅ [mecanico] 11.1MB em 6.6s
▶ [marceneiro] render 9:16
✅ [marceneiro] 10.8MB em 6.8s
▶ [costureira] render 9:16
✅ [costureira] 10.7MB em 6.5s
▶ [cabeleireira] render 9:16
✅ [cabeleireira] 10.5MB em 6.7s
▶ [chef] render 9:16
✅ [chef] 10.8MB em 6.7s
▶ [fotografo] render 9:16
✅ [fotografo] 10.3MB em 6.8s
▶ [jornalista] render 9:16
✅ [jornalista] 10.5MB em 6.7s
▶ [arquiteta] render 9:16
✅ [arquiteta] 10.1MB em 6.8s
▶ [cardiologista] render 9:16
✅ [cardiologista] 10.3MB em 6.7s
▶ [pediatra] render 9:16
✅ [pediatra] 10.5MB em 6.9s
▶ [ginecologista] render 9:16
✅ [ginecologista] 10.2MB em 6.9s
▶ [veterinario] render 9:16
✅ [veterinario] 10.5MB em 6.8s
▶ [massoterapeuta] render 9:16
✅ [massoterapeuta] 10.0MB em 6.8s
▶ [parteira] render 9:16
✅ [parteira] 10.2MB em 6.8s
▶ [professor-universitario] render 9:16
✅ [professor-universitario] 10.7MB em 6.9s
▶ [professor-matematica] render 9:16
✅ [professor-matematica] 10.3MB em 6.7s
▶ [educador-fisico] render 9:16
✅ [educador-fisico] 10.6MB em 6.8s
▶ [bibliotecaria] render 9:16
✅ [bibliotecaria] 11.0MB em 6.9s
▶ [coordenador-escolar] render 9:16
✅ [coordenador-escolar] 10.4MB em 6.8s
▶ [juiza] render 9:16
✅ [juiza] 10.2MB em 7.2s
▶ [delegada] render 9:16
✅ [delegada] 10.4MB em 6.9s
▶ [auditor-fiscal] render 9:16
✅ [auditor-fiscal] 10.1MB em 6.8s
▶ [consultor-financeiro] render 9:16
✅ [consultor-financeiro] 10.4MB em 6.9s
▶ [soldador] render 9:16
✅ [soldador] 11.3MB em 6.8s
▶ [pintor] render 9:16
✅ [pintor] 10.8MB em 6.7s
▶ [pedreiro] render 9:16
✅ [pedreiro] 10.9MB em 6.9s
▶ [sapateiro] render 9:16
✅ [sapateiro] 10.8MB em 7.0s
▶ [relojoeiro] render 9:16
✅ [relojoeiro] 10.9MB em 6.9s
▶ [caminhoneiro] render 9:16
✅ [caminhoneiro] 11.1MB em 7.1s
▶ [piloto] render 9:16
✅ [piloto] 11.1MB em 6.9s
▶ [controlador-aereo] render 9:16
✅ [controlador-aereo] 10.6MB em 6.7s
▶ [maquiadora] render 9:16
✅ [maquiadora] 10.6MB em 6.7s
▶ [florista] render 9:16
✅ [florista] 11.7MB em 6.7s
▶ [confeiteiro] render 9:16
✅ [confeiteiro] 10.9MB em 7.0s
▶ [dj-produtor] render 9:16
✅ [dj-produtor] 11.3MB em 6.8s
▶ [agronomo] render 9:16
✅ [agronomo] 11.0MB em 6.9s
▶ [biologo-ambiental] render 9:16
✅ [biologo-ambiental] 11.1MB em 6.8s
▶ [pescador] render 9:16
✅ [pescador] 11.7MB em 6.9s
▶ [ortopedista] render 9:16
✅ [ortopedista] 10.2MB em 6.8s
▶ [oftalmologista] render 9:16
✅ [oftalmologista] 10.2MB em 6.6s
▶ [psiquiatra] render 9:16
✅ [psiquiatra] 10.5MB em 6.7s
▶ [dermatologista] render 9:16
✅ [dermatologista] 10.0MB em 6.7s
▶ [personal-trainer] render 9:16
✅ [personal-trainer] 10.6MB em 6.9s
▶ [programador] render 9:16
✅ [programador] 10.7MB em 6.7s
▶ [analista-sistemas] render 9:16
✅ [analista-sistemas] 10.1MB em 6.7s
▶ [designer-ux] render 9:16
✅ [designer-ux] 10.2MB em 6.9s
▶ [gerente-projeto] render 9:16
✅ [gerente-projeto] 10.2MB em 6.8s
▶ [especialista-cybersec] render 9:16
✅ [especialista-cybersec] 10.7MB em 6.7s
▶ [gerente-banco] render 9:16
✅ [gerente-banco] 10.1MB em 6.8s
▶ [corretor-imoveis] render 9:16
✅ [corretor-imoveis] 10.1MB em 6.6s
▶ [vendedor] render 9:16
✅ [vendedor] 10.6MB em 6.9s
▶ [empresario] render 9:16
✅ [empresario] 10.9MB em 6.9s
▶ [musico] render 9:16
✅ [musico] 11.3MB em 6.8s
▶ [ator] render 9:16
✅ [ator] 10.5MB em 6.8s
▶ [professor-danca] render 9:16
✅ [professor-danca] 10.2MB em 6.8s
▶ [escritor] render 9:16
✅ [escritor] 10.7MB em 6.8s
▶ [animador] render 9:16
✅ [animador] 10.7MB em 6.9s
▶ [serralheiro] render 9:16
✅ [serralheiro] 11.4MB em 7.1s
▶ [vidraceiro] render 9:16
✅ [vidraceiro] 10.6MB em 6.9s
▶ [torneiro-mecanico] render 9:16
✅ [torneiro-mecanico] 11.0MB em 6.8s
▶ [funileiro] render 9:16
✅ [funileiro] 11.0MB em 6.9s
▶ [motorista-app] render 9:16
✅ [motorista-app] 11.0MB em 6.9s
▶ [garcom] render 9:16
✅ [garcom] 10.7MB em 6.8s
▶ [barbeiro] render 9:16
✅ [barbeiro] 10.6MB em 6.9s
▶ [porteiro] render 9:16
✅ [porteiro] 10.4MB em 6.8s
▶ [apicultor] render 9:16
✅ [apicultor] 11.2MB em 6.8s
▶ [produtor-rural] render 9:16
✅ [produtor-rural] 11.4MB em 6.9s
▶ [guarda-florestal] render 9:16
✅ [guarda-florestal] 11.5MB em 6.9s

=========== BATCH 9:16 RESUMO ===========
total: 90
sucessos: 90
falhas: 0
tempo: 10.2 min
