✅ [fisioterapeuta:paired] em 116.5s
✅ [fisioterapeuta:decades] em 116.0s
✅ [crianca-medica:paired] em 116.1s
✅ [crianca-medica:decades] em 116.0s
✅ [enfermeira:paired] em 116.1s
✅ [enfermeira:decades] em 115.7s
✅ [psicologa:paired] em 120.2s
✅ [psicologa:decades] em 115.8s
⏭ [dentista:paired] gen skip (50 imgs já existem)
⏭ [dentista:paired] render skip
✅ [dentista:paired] em 0.0s
✅ [dentista:decades] em 115.9s
✅ [farmaceutica:paired] em 120.0s
✅ [farmaceutica:decades] em 115.8s
✅ [nutricionista:paired] em 115.9s
✅ [nutricionista:decades] em 115.7s
✅ [fonoaudiologa:paired] em 117.1s
✅ [fonoaudiologa:decades] em 115.7s
✅ [terapeuta-ocupacional:paired] em 116.1s
✅ [terapeuta-ocupacional:decades] em 115.8s
✅ [biomedica:paired] em 116.0s
✅ [biomedica:decades] em 115.6s
✅ [professora-fundamental:paired] em 116.0s
✅ [professora-fundamental:decades] em 115.8s
✅ [professora-medio:paired] em 119.8s
✅ [professora-medio:decades] em 115.3s
✅ [pedagoga:paired] em 115.7s
✅ [pedagoga:decades] em 115.6s
✅ [educacao-infantil:paired] em 115.9s
✅ [educacao-infantil:decades] em 115.6s
✅ [psicopedagoga:paired] em 119.9s
✅ [psicopedagoga:decades] em 115.7s
✅ [contador:paired] em 115.8s
✅ [contador:decades] em 115.8s
✅ [advogada:paired] em 117.0s
✅ [advogada:decades] em 115.8s
✅ [secretaria:paired] em 116.1s
✅ [secretaria:decades] em 116.0s
✅ [administrador:paired] em 120.2s
✅ [administrador:decades] em 115.7s
✅ [analista-rh:paired] em 116.0s
✅ [analista-rh:decades] em 115.8s
✅ [eletricista:paired] em 115.9s
✅ [eletricista:decades] em 115.7s
✅ [encanador:paired] em 119.8s
✅ [encanador:decades] em 115.9s
✅ [mecanico:paired] em 116.0s
✅ [mecanico:decades] em 115.7s
✅ [marceneiro:paired] em 119.7s
✅ [marceneiro:decades] em 115.8s
✅ [costureira:paired] em 115.8s
✅ [costureira:decades] em 115.8s
✅ [cabeleireira:paired] em 115.6s
✅ [cabeleireira:decades] em 115.8s
✅ [chef:paired] em 115.8s
✅ [chef:decades] em 115.7s
✅ [fotografo:paired] em 119.9s
✅ [fotografo:decades] em 115.7s
✅ [jornalista:paired] em 119.7s
✅ [jornalista:decades] em 115.7s
✅ [arquiteta:paired] em 123.6s
✅ [arquiteta:decades] em 115.5s
✅ [cardiologista:paired] em 116.1s
✅ [cardiologista:decades] em 115.7s
✅ [pediatra:paired] em 115.9s
✅ [pediatra:decades] em 115.9s
✅ [ginecologista:paired] em 115.9s
✅ [ginecologista:decades] em 116.0s
✅ [veterinario:paired] em 119.8s
✅ [veterinario:decades] em 115.6s
✅ [massoterapeuta:paired] em 115.5s
✅ [massoterapeuta:decades] em 115.8s
✅ [parteira:paired] em 128.0s
✅ [parteira:decades] em 115.9s
✅ [professor-universitario:paired] em 115.8s
✅ [professor-universitario:decades] em 115.8s
✅ [professor-matematica:paired] em 115.9s
✅ [professor-matematica:decades] em 115.9s
✅ [educador-fisico:paired] em 119.9s
✅ [educador-fisico:decades] em 115.9s
✅ [bibliotecaria:paired] em 119.8s
✅ [bibliotecaria:decades] em 115.8s
✅ [coordenador-escolar:paired] em 115.8s
✅ [coordenador-escolar:decades] em 115.8s
✅ [juiza:paired] em 115.8s
✅ [juiza:decades] em 115.6s
✅ [delegada:paired] em 120.0s
✅ [delegada:decades] em 115.7s
✅ [auditor-fiscal:paired] em 115.8s
✅ [auditor-fiscal:decades] em 115.9s
✅ [consultor-financeiro:paired] em 116.0s
✅ [consultor-financeiro:decades] em 115.7s
✅ [soldador:paired] em 115.9s
✅ [soldador:decades] em 115.7s
✅ [pintor:paired] em 115.8s
✅ [pintor:decades] em 116.6s
✅ [pedreiro:paired] em 129.7s
✅ [pedreiro:decades] em 115.8s
✅ [sapateiro:paired] em 115.8s
✅ [sapateiro:decades] em 115.5s
✅ [relojoeiro:paired] em 119.8s
✅ [relojoeiro:decades] em 115.8s
✅ [caminhoneiro:paired] em 115.8s
✅ [caminhoneiro:decades] em 115.6s
✅ [piloto:paired] em 119.7s
✅ [piloto:decades] em 115.7s
✅ [controlador-aereo:paired] em 115.9s
✅ [controlador-aereo:decades] em 119.8s
✅ [maquiadora:paired] em 115.7s
✅ [maquiadora:decades] em 115.6s
✅ [florista:paired] em 115.7s
✅ [florista:decades] em 119.6s
✅ [confeiteiro:paired] em 115.7s
✅ [confeiteiro:decades] em 115.5s
✅ [dj-produtor:paired] em 115.6s
✅ [dj-produtor:decades] em 115.7s
✅ [agronomo:paired] em 115.4s
✅ [agronomo:decades] em 115.5s
✅ [biologo-ambiental:paired] em 115.8s
✅ [biologo-ambiental:decades] em 119.5s
✅ [pescador:paired] em 115.9s
