
=============================================
=== [fisioterapeuta] começa em 2026-04-23T06:50:41.590Z
=== log: /home/nmaldaner/projetos/timesmkt3/logs/profissoes/fisioterapeuta-batch.log
=============================================

▶ [fisioterapeuta:gen-criaprof] node gen-criaprof.js fisioterapeuta
✅ [fisioterapeuta:gen-criaprof] ok

▶ [fisioterapeuta:gen-nostalgia] node gen-gertran-nostalgia.js fisioterapeuta
✅ [fisioterapeuta:gen-nostalgia] ok

▶ [fisioterapeuta:tts-criaprof] node pipeline/generate-audio.js /tmp/narr/narr-criaprof-fisioterapeuta.mp3 Você era a criança que cuidava de quem tinha dor. Estudou o corpo humano, escolheu fisioterapia, cuidou com as mãos. Aprendeu bola, pilates, TENS, videochamada. Hoje a IA personaliza cada protocolo. Você continua sendo a que cura. Continue aprendendo no Inema ponto CLUB. bella
✅ [fisioterapeuta:tts-criaprof] ok

▶ [fisioterapeuta:tts-gertran] node pipeline/generate-audio.js /tmp/narr/narr-gertran-fisioterapeuta.mp3 Você viu o manual virar TENS, a bola virar PILATES, a videochamada salvar sua profissão. Você se adaptou sempre. Agora chegou a inteligência artificial. E você sabe o que fazer. Você é da geração que transforma. Continue aprendendo no Inema ponto CLUB. bella
✅ [fisioterapeuta:tts-gertran] ok

▶ [fisioterapeuta:whisper] sh: source /home/nmaldaner/miniconda3/etc/profile.d/conda.sh && conda activate chatterbox && python3 transcribe-words.py /tmp/narr/narr-criaprof-fisioterapeuta.mp3 /tmp/narr/whisper-criaprof-fisioterapeuta.json && python3 transcribe-words.py /tmp/narr/narr-gertran-fisioterapeuta.mp3 /tmp/narr/whisper-gertran-fisioterapeuta.json
✅ [fisioterapeuta:whisper] ok

▶ [fisioterapeuta:render-criaprof] node render-criaprof.js fisioterapeuta
✅ [fisioterapeuta:render-criaprof] ok

▶ [fisioterapeuta:render-gertran] node render-gertran.js fisioterapeuta
✅ [fisioterapeuta:render-gertran] ok

✅ [fisioterapeuta] COMPLETO em 3.4 min

=============================================
=== [crianca-medica] começa em 2026-04-23T06:54:05.053Z
=== log: /home/nmaldaner/projetos/timesmkt3/logs/profissoes/crianca-medica-batch.log
=============================================

▶ [crianca-medica:gen-criaprof] node gen-criaprof.js crianca-medica
✅ [crianca-medica:gen-criaprof] ok

▶ [crianca-medica:gen-nostalgia] node gen-gertran-nostalgia.js crianca-medica
✅ [crianca-medica:gen-nostalgia] ok

▶ [crianca-medica:tts-criaprof] node pipeline/generate-audio.js /tmp/narr/narr-criaprof-crianca-medica.mp3 Você foi a criança do kit médico. Estudou o corpo inteiro, virou médica, examinou milhares. Viu o filme virar raio-X digital, a ficha virar prontuário, a distância virar telemedicina. Agora a IA sugere diagnósticos. Você continua sendo a que cura com presença. Continue aprendendo no Inema ponto CLUB. bella
✅ [crianca-medica:tts-criaprof] ok

▶ [crianca-medica:tts-gertran] node pipeline/generate-audio.js /tmp/narr/narr-gertran-crianca-medica.mp3 Você viu o filme virar raio-X digital, a ficha virar prontuário, a distância virar telemedicina. Você se adaptou sempre. Agora chegou a inteligência artificial. E você sabe o que fazer. Você é da geração que transforma. Continue aprendendo no Inema ponto CLUB. bella
✅ [crianca-medica:tts-gertran] ok

▶ [crianca-medica:whisper] sh: source /home/nmaldaner/miniconda3/etc/profile.d/conda.sh && conda activate chatterbox && python3 transcribe-words.py /tmp/narr/narr-criaprof-crianca-medica.mp3 /tmp/narr/whisper-criaprof-crianca-medica.json && python3 transcribe-words.py /tmp/narr/narr-gertran-crianca-medica.mp3 /tmp/narr/whisper-gertran-crianca-medica.json
✅ [crianca-medica:whisper] ok

▶ [crianca-medica:render-criaprof] node render-criaprof.js crianca-medica
✅ [crianca-medica:render-criaprof] ok

▶ [crianca-medica:render-gertran] node render-gertran.js crianca-medica
✅ [crianca-medica:render-gertran] ok

✅ [crianca-medica] COMPLETO em 3.4 min

=============================================
=== [enfermeira] começa em 2026-04-23T06:57:28.999Z
=== log: /home/nmaldaner/projetos/timesmkt3/logs/profissoes/enfermeira-batch.log
=============================================

▶ [enfermeira:gen-criaprof] node gen-criaprof.js enfermeira
✅ [enfermeira:gen-criaprof] ok

▶ [enfermeira:gen-nostalgia] node gen-gertran-nostalgia.js enfermeira
✅ [enfermeira:gen-nostalgia] ok

▶ [enfermeira:tts-criaprof] node pipeline/generate-audio.js /tmp/narr/narr-criaprof-enfermeira.mp3 Você cuidou antes de aprender. Cuidou da vó, cuidou da vizinha, virou enfermeira. Atendeu antes da internet, viu ficha virar prontuário, leito virar telemetria. Agora a IA prioriza o que é urgente. Você continua sendo a que está ao lado do paciente. Continue aprendendo no Inema ponto CLUB. bella
✅ [enfermeira:tts-criaprof] ok
⏭ [enfermeira] tts-gertran já existe

▶ [enfermeira:whisper] sh: source /home/nmaldaner/miniconda3/etc/profile.d/conda.sh && conda activate chatterbox && python3 transcribe-words.py /tmp/narr/narr-criaprof-enfermeira.mp3 /tmp/narr/whisper-criaprof-enfermeira.json && python3 transcribe-words.py /tmp/narr/narr-gertran-enfermeira.mp3 /tmp/narr/whisper-gertran-enfermeira.json
✅ [enfermeira:whisper] ok

▶ [enfermeira:render-criaprof] node render-criaprof.js enfermeira
✅ [enfermeira:render-criaprof] ok

▶ [enfermeira:render-gertran] node render-gertran.js enfermeira
✅ [enfermeira:render-gertran] ok

✅ [enfermeira] COMPLETO em 3.3 min

=============================================
=== [psicologa] começa em 2026-04-23T07:00:48.176Z
=== log: /home/nmaldaner/projetos/timesmkt3/logs/profissoes/psicologa-batch.log
=============================================

▶ [psicologa:gen-criaprof] node gen-criaprof.js psicologa
✅ [psicologa:gen-criaprof] ok

▶ [psicologa:gen-nostalgia] node gen-gertran-nostalgia.js psicologa
✅ [psicologa:gen-nostalgia] ok

▶ [psicologa:tts-criaprof] node pipeline/generate-audio.js /tmp/narr/narr-criaprof-psicologa.mp3 Você escutou desde pequena. Escutou a amiga chorar, escutou o silêncio do outro, virou psicóloga. Aprendeu escuta, diário, videochamada. Agora a IA ajuda a ver padrões que antes escapavam. Você continua sendo a que acolhe. Continue aprendendo no Inema ponto CLUB. bella
✅ [psicologa:tts-criaprof] ok
⏭ [psicologa] tts-gertran já existe

▶ [psicologa:whisper] sh: source /home/nmaldaner/miniconda3/etc/profile.d/conda.sh && conda activate chatterbox && python3 transcribe-words.py /tmp/narr/narr-criaprof-psicologa.mp3 /tmp/narr/whisper-criaprof-psicologa.json && python3 transcribe-words.py /tmp/narr/narr-gertran-psicologa.mp3 /tmp/narr/whisper-gertran-psicologa.json
✅ [psicologa:whisper] ok

▶ [psicologa:render-criaprof] node render-criaprof.js psicologa
✅ [psicologa:render-criaprof] ok

▶ [psicologa:render-gertran] node render-gertran.js psicologa
✅ [psicologa:render-gertran] ok

✅ [psicologa] COMPLETO em 3.3 min


================= BATCH RESUMO =================
total: 4
sucessos: 4
skips: 0
falhas: 0
tempo total: 13.4 min
