✅ ✅ [fisioterapeuta] em 9.4s
✅ ✅ [crianca-medica] em 9.5s
✅ ✅ [enfermeira] em 9.5s
✅ ✅ [psicologa] em 9.7s
✅ ✅ [dentista] em 9.6s
✅ ✅ [farmaceutica] em 9.5s
✅ ✅ [nutricionista] em 9.5s
✅ ✅ [fonoaudiologa] em 9.6s
✅ ✅ [terapeuta-ocupacional] em 9.7s
✅ ✅ [biomedica] em 9.6s
✅ ✅ [professora-fundamental] em 9.7s
✅ ✅ [professora-medio] em 9.8s
✅ ✅ [pedagoga] em 9.5s
✅ ✅ [educacao-infantil] em 9.5s
✅ ✅ [psicopedagoga] em 9.6s
✅ ✅ [contador] em 9.6s
✅ ✅ [advogada] em 9.5s
✅ ✅ [secretaria] em 9.5s
✅ ✅ [administrador] em 9.6s
✅ ✅ [analista-rh] em 9.5s
✅ ✅ [eletricista] em 9.5s
✅ ✅ [encanador] em 9.6s
✅ ✅ [mecanico] em 9.7s
✅ ✅ [marceneiro] em 9.7s
✅ ✅ [costureira] em 9.9s
✅ ✅ [cabeleireira] em 9.8s
✅ ✅ [chef] em 9.8s
✅ ✅ [fotografo] em 9.6s
✅ ✅ [jornalista] em 9.7s
✅ ✅ [arquiteta] em 9.7s
✅ ✅ [cardiologista] em 9.6s
✅ ✅ [pediatra] em 9.9s
✅ ✅ [ginecologista] em 9.8s
✅ ✅ [veterinario] em 9.9s
✅ ✅ [massoterapeuta] em 9.8s
✅ ✅ [parteira] em 9.7s
✅ ✅ [professor-universitario] em 9.8s
✅ ✅ [professor-matematica] em 9.9s
✅ ✅ [educador-fisico] em 9.7s
✅ ✅ [bibliotecaria] em 9.7s
✅ ✅ [coordenador-escolar] em 9.7s
✅ ✅ [juiza] em 9.5s
✅ ✅ [delegada] em 9.7s
✅ ✅ [auditor-fiscal] em 9.7s
✅ ✅ [consultor-financeiro] em 9.7s
✅ ✅ [soldador] em 9.7s
✅ ✅ [pintor] em 9.7s
✅ ✅ [pedreiro] em 9.7s
✅ ✅ [sapateiro] em 9.7s
✅ ✅ [relojoeiro] em 9.8s
✅ ✅ [caminhoneiro] em 9.9s
✅ ✅ [piloto] em 9.7s
✅ ✅ [controlador-aereo] em 9.6s
✅ ✅ [maquiadora] em 9.7s
✅ ✅ [florista] em 9.8s
✅ ✅ [confeiteiro] em 9.8s
✅ ✅ [dj-produtor] em 9.5s
✅ ✅ [agronomo] em 9.8s
✅ ✅ [biologo-ambiental] em 9.7s
✅ ✅ [pescador] em 9.8s
✅ ✅ [ortopedista] em 9.6s
✅ ✅ [oftalmologista] em 9.6s
✅ ✅ [psiquiatra] em 9.7s
✅ ✅ [dermatologista] em 9.6s
✅ ✅ [personal-trainer] em 9.5s
✅ ✅ [programador] em 9.7s
✅ ✅ [analista-sistemas] em 9.5s
✅ ✅ [designer-ux] em 9.6s
✅ ✅ [gerente-projeto] em 9.6s
✅ ✅ [especialista-cybersec] em 9.7s
✅ ✅ [gerente-banco] em 9.5s
✅ ✅ [corretor-imoveis] em 9.6s
✅ ✅ [vendedor] em 9.7s
✅ ✅ [empresario] em 9.8s
✅ ✅ [musico] em 9.6s
✅ ✅ [ator] em 9.8s
✅ ✅ [professor-danca] em 9.6s
✅ ✅ [escritor] em 9.7s
✅ ✅ [animador] em 9.6s
✅ ✅ [serralheiro] em 9.6s
✅ ✅ [vidraceiro] em 9.6s
✅ ✅ [torneiro-mecanico] em 9.6s
✅ ✅ [funileiro] em 9.8s
✅ ✅ [motorista-app] em 9.7s
✅ ✅ [garcom] em 9.6s
✅ ✅ [barbeiro] em 9.6s
✅ ✅ [porteiro] em 9.5s
✅ ✅ [apicultor] em 12.2s
✅ ✅ [produtor-rural] em 12.1s
✅ ✅ [guarda-florestal] em 9.9s

=========== BATCH 1:1 RESUMO ===========
CriaProf 1:1: 90/90
GERTRAN 1:1: 90/90
tempo: 14.6 min
