
=============================================
=== [fisioterapeuta] cta começa em 2026-05-03T20:40:18.939Z
=== log: /home/nmaldaner/projetos/timesmkt3/logs/criaprof-cta/fisioterapeuta-cta.log
=============================================
⏭ [fisioterapeuta/prof] vídeo já existe
⏭ [fisioterapeuta/generic] vídeo já existe

✅ [fisioterapeuta] CTA COMPLETO (2 variantes) em 0.0 min

=============================================
=== [crianca-medica] cta começa em 2026-05-03T20:40:18.939Z
=== log: /home/nmaldaner/projetos/timesmkt3/logs/criaprof-cta/crianca-medica-cta.log
=============================================
⏭ [crianca-medica/prof] vídeo já existe
⏭ [crianca-medica/generic] vídeo já existe

✅ [crianca-medica] CTA COMPLETO (2 variantes) em 0.0 min

=============================================
=== [enfermeira] cta começa em 2026-05-03T20:40:18.939Z
=== log: /home/nmaldaner/projetos/timesmkt3/logs/criaprof-cta/enfermeira-cta.log
=============================================
⏭ [enfermeira/prof] vídeo já existe
⏭ [enfermeira/generic] vídeo já existe

✅ [enfermeira] CTA COMPLETO (2 variantes) em 0.0 min

=============================================
=== [psicologa] cta começa em 2026-05-03T20:40:18.939Z
=== log: /home/nmaldaner/projetos/timesmkt3/logs/criaprof-cta/psicologa-cta.log
=============================================
⏭ [psicologa/prof] vídeo já existe
⏭ [psicologa/generic] vídeo já existe

✅ [psicologa] CTA COMPLETO (2 variantes) em 0.0 min

=============================================
=== [dentista] cta começa em 2026-05-03T20:40:18.939Z
=== log: /home/nmaldaner/projetos/timesmkt3/logs/criaprof-cta/dentista-cta.log
=============================================
⏭ [dentista/prof] vídeo já existe
⏭ [dentista/generic] vídeo já existe

✅ [dentista] CTA COMPLETO (2 variantes) em 0.0 min

=============================================
=== [farmaceutica] cta começa em 2026-05-03T20:40:18.939Z
=== log: /home/nmaldaner/projetos/timesmkt3/logs/criaprof-cta/farmaceutica-cta.log
=============================================
⏭ [farmaceutica/prof] vídeo já existe
⏭ [farmaceutica/generic] vídeo já existe

✅ [farmaceutica] CTA COMPLETO (2 variantes) em 0.0 min

=============================================
=== [nutricionista] cta começa em 2026-05-03T20:40:18.939Z
=== log: /home/nmaldaner/projetos/timesmkt3/logs/criaprof-cta/nutricionista-cta.log
=============================================
⏭ [nutricionista/prof] vídeo já existe
⏭ [nutricionista/generic] vídeo já existe

✅ [nutricionista] CTA COMPLETO (2 variantes) em 0.0 min

=============================================
=== [fonoaudiologa] cta começa em 2026-05-03T20:40:18.939Z
=== log: /home/nmaldaner/projetos/timesmkt3/logs/criaprof-cta/fonoaudiologa-cta.log
=============================================
⏭ [fonoaudiologa/prof] vídeo já existe
⏭ [fonoaudiologa/generic] vídeo já existe

✅ [fonoaudiologa] CTA COMPLETO (2 variantes) em 0.0 min

=============================================
=== [terapeuta-ocupacional] cta começa em 2026-05-03T20:40:18.939Z
=== log: /home/nmaldaner/projetos/timesmkt3/logs/criaprof-cta/terapeuta-ocupacional-cta.log
=============================================
⏭ [terapeuta-ocupacional/prof] vídeo já existe
⏭ [terapeuta-ocupacional/generic] vídeo já existe

✅ [terapeuta-ocupacional] CTA COMPLETO (2 variantes) em 0.0 min

=============================================
=== [biomedica] cta começa em 2026-05-03T20:40:18.939Z
=== log: /home/nmaldaner/projetos/timesmkt3/logs/criaprof-cta/biomedica-cta.log
=============================================
⏭ [biomedica/prof] vídeo já existe
⏭ [biomedica/generic] vídeo já existe

✅ [biomedica] CTA COMPLETO (2 variantes) em 0.0 min

=============================================
=== [professora-fundamental] cta começa em 2026-05-03T20:40:18.940Z
=== log: /home/nmaldaner/projetos/timesmkt3/logs/criaprof-cta/professora-fundamental-cta.log
=============================================
⏭ [professora-fundamental/prof] vídeo já existe
⏭ [professora-fundamental/generic] vídeo já existe

✅ [professora-fundamental] CTA COMPLETO (2 variantes) em 0.0 min

=============================================
=== [professora-medio] cta começa em 2026-05-03T20:40:18.940Z
=== log: /home/nmaldaner/projetos/timesmkt3/logs/criaprof-cta/professora-medio-cta.log
=============================================
⏭ [professora-medio/prof] vídeo já existe
⏭ [professora-medio/generic] vídeo já existe

✅ [professora-medio] CTA COMPLETO (2 variantes) em 0.0 min

=============================================
=== [pedagoga] cta começa em 2026-05-03T20:40:18.940Z
=== log: /home/nmaldaner/projetos/timesmkt3/logs/criaprof-cta/pedagoga-cta.log
=============================================
⏭ [pedagoga/prof] vídeo já existe
⏭ [pedagoga/generic] vídeo já existe

✅ [pedagoga] CTA COMPLETO (2 variantes) em 0.0 min

=============================================
=== [educacao-infantil] cta começa em 2026-05-03T20:40:18.940Z
=== log: /home/nmaldaner/projetos/timesmkt3/logs/criaprof-cta/educacao-infantil-cta.log
=============================================
⏭ [educacao-infantil/prof] vídeo já existe
⏭ [educacao-infantil/generic] vídeo já existe

✅ [educacao-infantil] CTA COMPLETO (2 variantes) em 0.0 min

=============================================
=== [psicopedagoga] cta começa em 2026-05-03T20:40:18.940Z
=== log: /home/nmaldaner/projetos/timesmkt3/logs/criaprof-cta/psicopedagoga-cta.log
=============================================
⏭ [psicopedagoga/prof] vídeo já existe
⏭ [psicopedagoga/generic] vídeo já existe

✅ [psicopedagoga] CTA COMPLETO (2 variantes) em 0.0 min

=============================================
=== [contador] cta começa em 2026-05-03T20:40:18.940Z
=== log: /home/nmaldaner/projetos/timesmkt3/logs/criaprof-cta/contador-cta.log
=============================================
⏭ [contador/prof] vídeo já existe
⏭ [contador/generic] vídeo já existe

✅ [contador] CTA COMPLETO (2 variantes) em 0.0 min

=============================================
=== [advogada] cta começa em 2026-05-03T20:40:18.940Z
=== log: /home/nmaldaner/projetos/timesmkt3/logs/criaprof-cta/advogada-cta.log
=============================================
⏭ [advogada/prof] vídeo já existe
⏭ [advogada/generic] vídeo já existe

✅ [advogada] CTA COMPLETO (2 variantes) em 0.0 min

=============================================
=== [secretaria] cta começa em 2026-05-03T20:40:18.940Z
=== log: /home/nmaldaner/projetos/timesmkt3/logs/criaprof-cta/secretaria-cta.log
=============================================
⏭ [secretaria/prof] vídeo já existe
⏭ [secretaria/generic] vídeo já existe

✅ [secretaria] CTA COMPLETO (2 variantes) em 0.0 min

=============================================
=== [administrador] cta começa em 2026-05-03T20:40:18.941Z
=== log: /home/nmaldaner/projetos/timesmkt3/logs/criaprof-cta/administrador-cta.log
=============================================
⏭ [administrador/prof] vídeo já existe
⏭ [administrador/generic] vídeo já existe

✅ [administrador] CTA COMPLETO (2 variantes) em 0.0 min

=============================================
=== [analista-rh] cta começa em 2026-05-03T20:40:18.941Z
=== log: /home/nmaldaner/projetos/timesmkt3/logs/criaprof-cta/analista-rh-cta.log
=============================================
⏭ [analista-rh/prof] vídeo já existe
⏭ [analista-rh/generic] vídeo já existe

✅ [analista-rh] CTA COMPLETO (2 variantes) em 0.0 min

=============================================
=== [eletricista] cta começa em 2026-05-03T20:40:18.941Z
=== log: /home/nmaldaner/projetos/timesmkt3/logs/criaprof-cta/eletricista-cta.log
=============================================
⏭ [eletricista/prof] vídeo já existe
⏭ [eletricista/generic] vídeo já existe

✅ [eletricista] CTA COMPLETO (2 variantes) em 0.0 min

=============================================
=== [encanador] cta começa em 2026-05-03T20:40:18.941Z
=== log: /home/nmaldaner/projetos/timesmkt3/logs/criaprof-cta/encanador-cta.log
=============================================
⏭ [encanador/prof] vídeo já existe
⏭ [encanador/generic] vídeo já existe

✅ [encanador] CTA COMPLETO (2 variantes) em 0.0 min

=============================================
=== [mecanico] cta começa em 2026-05-03T20:40:18.941Z
=== log: /home/nmaldaner/projetos/timesmkt3/logs/criaprof-cta/mecanico-cta.log
=============================================
⏭ [mecanico/prof] vídeo já existe
⏭ [mecanico/generic] vídeo já existe

✅ [mecanico] CTA COMPLETO (2 variantes) em 0.0 min

=============================================
=== [marceneiro] cta começa em 2026-05-03T20:40:18.941Z
=== log: /home/nmaldaner/projetos/timesmkt3/logs/criaprof-cta/marceneiro-cta.log
=============================================
⏭ [marceneiro/prof] vídeo já existe
⏭ [marceneiro/generic] vídeo já existe

✅ [marceneiro] CTA COMPLETO (2 variantes) em 0.0 min

=============================================
=== [costureira] cta começa em 2026-05-03T20:40:18.941Z
=== log: /home/nmaldaner/projetos/timesmkt3/logs/criaprof-cta/costureira-cta.log
=============================================
⏭ [costureira/prof] vídeo já existe
⏭ [costureira/generic] vídeo já existe

✅ [costureira] CTA COMPLETO (2 variantes) em 0.0 min

=============================================
=== [cabeleireira] cta começa em 2026-05-03T20:40:18.941Z
=== log: /home/nmaldaner/projetos/timesmkt3/logs/criaprof-cta/cabeleireira-cta.log
=============================================
⏭ [cabeleireira/prof] vídeo já existe
⏭ [cabeleireira/generic] vídeo já existe

✅ [cabeleireira] CTA COMPLETO (2 variantes) em 0.0 min

=============================================
=== [chef] cta começa em 2026-05-03T20:40:18.941Z
=== log: /home/nmaldaner/projetos/timesmkt3/logs/criaprof-cta/chef-cta.log
=============================================
⏭ [chef/prof] vídeo já existe
⏭ [chef/generic] vídeo já existe

✅ [chef] CTA COMPLETO (2 variantes) em 0.0 min

=============================================
=== [fotografo] cta começa em 2026-05-03T20:40:18.941Z
=== log: /home/nmaldaner/projetos/timesmkt3/logs/criaprof-cta/fotografo-cta.log
=============================================
⏭ [fotografo/prof] vídeo já existe
⏭ [fotografo/generic] vídeo já existe

✅ [fotografo] CTA COMPLETO (2 variantes) em 0.0 min

=============================================
=== [jornalista] cta começa em 2026-05-03T20:40:18.941Z
=== log: /home/nmaldaner/projetos/timesmkt3/logs/criaprof-cta/jornalista-cta.log
=============================================
⏭ [jornalista/prof] vídeo já existe
⏭ [jornalista/generic] vídeo já existe

✅ [jornalista] CTA COMPLETO (2 variantes) em 0.0 min

=============================================
=== [arquiteta] cta começa em 2026-05-03T20:40:18.941Z
=== log: /home/nmaldaner/projetos/timesmkt3/logs/criaprof-cta/arquiteta-cta.log
=============================================
⏭ [arquiteta/prof] vídeo já existe
⏭ [arquiteta/generic] vídeo já existe

✅ [arquiteta] CTA COMPLETO (2 variantes) em 0.0 min

=============================================
=== [cardiologista] cta começa em 2026-05-03T20:40:18.941Z
=== log: /home/nmaldaner/projetos/timesmkt3/logs/criaprof-cta/cardiologista-cta.log
=============================================
⏭ [cardiologista/prof] vídeo já existe
⏭ [cardiologista/generic] vídeo já existe

✅ [cardiologista] CTA COMPLETO (2 variantes) em 0.0 min

=============================================
=== [pediatra] cta começa em 2026-05-03T20:40:18.941Z
=== log: /home/nmaldaner/projetos/timesmkt3/logs/criaprof-cta/pediatra-cta.log
=============================================
⏭ [pediatra/prof] vídeo já existe
⏭ [pediatra/generic] vídeo já existe

✅ [pediatra] CTA COMPLETO (2 variantes) em 0.0 min

=============================================
=== [ginecologista] cta começa em 2026-05-03T20:40:18.941Z
=== log: /home/nmaldaner/projetos/timesmkt3/logs/criaprof-cta/ginecologista-cta.log
=============================================
⏭ [ginecologista/prof] vídeo já existe
⏭ [ginecologista/generic] vídeo já existe

✅ [ginecologista] CTA COMPLETO (2 variantes) em 0.0 min

=============================================
=== [veterinario] cta começa em 2026-05-03T20:40:18.941Z
=== log: /home/nmaldaner/projetos/timesmkt3/logs/criaprof-cta/veterinario-cta.log
=============================================
⏭ [veterinario/prof] vídeo já existe
⏭ [veterinario/generic] vídeo já existe

✅ [veterinario] CTA COMPLETO (2 variantes) em 0.0 min

=============================================
=== [massoterapeuta] cta começa em 2026-05-03T20:40:18.941Z
=== log: /home/nmaldaner/projetos/timesmkt3/logs/criaprof-cta/massoterapeuta-cta.log
=============================================
⏭ [massoterapeuta/prof] vídeo já existe
⏭ [massoterapeuta/generic] vídeo já existe

✅ [massoterapeuta] CTA COMPLETO (2 variantes) em 0.0 min

=============================================
=== [parteira] cta começa em 2026-05-03T20:40:18.941Z
=== log: /home/nmaldaner/projetos/timesmkt3/logs/criaprof-cta/parteira-cta.log
=============================================
⏭ [parteira/prof] vídeo já existe
⏭ [parteira/generic] vídeo já existe

✅ [parteira] CTA COMPLETO (2 variantes) em 0.0 min

=============================================
=== [professor-universitario] cta começa em 2026-05-03T20:40:18.941Z
=== log: /home/nmaldaner/projetos/timesmkt3/logs/criaprof-cta/professor-universitario-cta.log
=============================================
⏭ [professor-universitario/prof] vídeo já existe
⏭ [professor-universitario/generic] vídeo já existe

✅ [professor-universitario] CTA COMPLETO (2 variantes) em 0.0 min

=============================================
=== [professor-matematica] cta começa em 2026-05-03T20:40:18.942Z
=== log: /home/nmaldaner/projetos/timesmkt3/logs/criaprof-cta/professor-matematica-cta.log
=============================================
⏭ [professor-matematica/prof] vídeo já existe
⏭ [professor-matematica/generic] vídeo já existe

✅ [professor-matematica] CTA COMPLETO (2 variantes) em 0.0 min

=============================================
=== [educador-fisico] cta começa em 2026-05-03T20:40:18.942Z
=== log: /home/nmaldaner/projetos/timesmkt3/logs/criaprof-cta/educador-fisico-cta.log
=============================================
⏭ [educador-fisico/prof] vídeo já existe
⏭ [educador-fisico/generic] vídeo já existe

✅ [educador-fisico] CTA COMPLETO (2 variantes) em 0.0 min

=============================================
=== [bibliotecaria] cta começa em 2026-05-03T20:40:18.942Z
=== log: /home/nmaldaner/projetos/timesmkt3/logs/criaprof-cta/bibliotecaria-cta.log
=============================================
⏭ [bibliotecaria/prof] vídeo já existe
⏭ [bibliotecaria/generic] vídeo já existe

✅ [bibliotecaria] CTA COMPLETO (2 variantes) em 0.0 min

=============================================
=== [coordenador-escolar] cta começa em 2026-05-03T20:40:18.942Z
=== log: /home/nmaldaner/projetos/timesmkt3/logs/criaprof-cta/coordenador-escolar-cta.log
=============================================
⏭ [coordenador-escolar/prof] vídeo já existe
⏭ [coordenador-escolar/generic] vídeo já existe

✅ [coordenador-escolar] CTA COMPLETO (2 variantes) em 0.0 min

=============================================
=== [juiza] cta começa em 2026-05-03T20:40:18.942Z
=== log: /home/nmaldaner/projetos/timesmkt3/logs/criaprof-cta/juiza-cta.log
=============================================
⏭ [juiza/prof] vídeo já existe
⏭ [juiza/generic] vídeo já existe

✅ [juiza] CTA COMPLETO (2 variantes) em 0.0 min

=============================================
=== [delegada] cta começa em 2026-05-03T20:40:18.942Z
=== log: /home/nmaldaner/projetos/timesmkt3/logs/criaprof-cta/delegada-cta.log
=============================================
⏭ [delegada/prof] vídeo já existe
⏭ [delegada/generic] vídeo já existe

✅ [delegada] CTA COMPLETO (2 variantes) em 0.0 min

=============================================
=== [auditor-fiscal] cta começa em 2026-05-03T20:40:18.942Z
=== log: /home/nmaldaner/projetos/timesmkt3/logs/criaprof-cta/auditor-fiscal-cta.log
=============================================
⏭ [auditor-fiscal/prof] vídeo já existe
⏭ [auditor-fiscal/generic] vídeo já existe

✅ [auditor-fiscal] CTA COMPLETO (2 variantes) em 0.0 min

=============================================
=== [consultor-financeiro] cta começa em 2026-05-03T20:40:18.942Z
=== log: /home/nmaldaner/projetos/timesmkt3/logs/criaprof-cta/consultor-financeiro-cta.log
=============================================
⏭ [consultor-financeiro/prof] vídeo já existe
⏭ [consultor-financeiro/generic] vídeo já existe

✅ [consultor-financeiro] CTA COMPLETO (2 variantes) em 0.0 min

=============================================
=== [soldador] cta começa em 2026-05-03T20:40:18.942Z
=== log: /home/nmaldaner/projetos/timesmkt3/logs/criaprof-cta/soldador-cta.log
=============================================
⏭ [soldador/prof] vídeo já existe
⏭ [soldador/generic] vídeo já existe

✅ [soldador] CTA COMPLETO (2 variantes) em 0.0 min

=============================================
=== [pintor] cta começa em 2026-05-03T20:40:18.942Z
=== log: /home/nmaldaner/projetos/timesmkt3/logs/criaprof-cta/pintor-cta.log
=============================================
⏭ [pintor/prof] vídeo já existe
⏭ [pintor/generic] vídeo já existe

✅ [pintor] CTA COMPLETO (2 variantes) em 0.0 min

=============================================
=== [pedreiro] cta começa em 2026-05-03T20:40:18.942Z
=== log: /home/nmaldaner/projetos/timesmkt3/logs/criaprof-cta/pedreiro-cta.log
=============================================
⏭ [pedreiro/prof] vídeo já existe
⏭ [pedreiro/generic] vídeo já existe

✅ [pedreiro] CTA COMPLETO (2 variantes) em 0.0 min

=============================================
=== [sapateiro] cta começa em 2026-05-03T20:40:18.942Z
=== log: /home/nmaldaner/projetos/timesmkt3/logs/criaprof-cta/sapateiro-cta.log
=============================================
⏭ [sapateiro/prof] vídeo já existe
⏭ [sapateiro/generic] vídeo já existe

✅ [sapateiro] CTA COMPLETO (2 variantes) em 0.0 min

=============================================
=== [relojoeiro] cta começa em 2026-05-03T20:40:18.942Z
=== log: /home/nmaldaner/projetos/timesmkt3/logs/criaprof-cta/relojoeiro-cta.log
=============================================
⏭ [relojoeiro/prof] vídeo já existe
⏭ [relojoeiro/generic] vídeo já existe

✅ [relojoeiro] CTA COMPLETO (2 variantes) em 0.0 min

=============================================
=== [caminhoneiro] cta começa em 2026-05-03T20:40:18.942Z
=== log: /home/nmaldaner/projetos/timesmkt3/logs/criaprof-cta/caminhoneiro-cta.log
=============================================
⏭ [caminhoneiro/prof] vídeo já existe
⏭ [caminhoneiro/generic] vídeo já existe

✅ [caminhoneiro] CTA COMPLETO (2 variantes) em 0.0 min

=============================================
=== [piloto] cta começa em 2026-05-03T20:40:18.942Z
=== log: /home/nmaldaner/projetos/timesmkt3/logs/criaprof-cta/piloto-cta.log
=============================================
⏭ [piloto/prof] vídeo já existe
⏭ [piloto/generic] vídeo já existe

✅ [piloto] CTA COMPLETO (2 variantes) em 0.0 min

=============================================
=== [controlador-aereo] cta começa em 2026-05-03T20:40:18.942Z
=== log: /home/nmaldaner/projetos/timesmkt3/logs/criaprof-cta/controlador-aereo-cta.log
=============================================
⏭ [controlador-aereo/prof] vídeo já existe
⏭ [controlador-aereo/generic] vídeo já existe

✅ [controlador-aereo] CTA COMPLETO (2 variantes) em 0.0 min

=============================================
=== [maquiadora] cta começa em 2026-05-03T20:40:18.942Z
=== log: /home/nmaldaner/projetos/timesmkt3/logs/criaprof-cta/maquiadora-cta.log
=============================================
⏭ [maquiadora/prof] vídeo já existe
⏭ [maquiadora/generic] vídeo já existe

✅ [maquiadora] CTA COMPLETO (2 variantes) em 0.0 min

=============================================
=== [florista] cta começa em 2026-05-03T20:40:18.942Z
=== log: /home/nmaldaner/projetos/timesmkt3/logs/criaprof-cta/florista-cta.log
=============================================
⏭ [florista/prof] vídeo já existe
⏭ [florista/generic] vídeo já existe

✅ [florista] CTA COMPLETO (2 variantes) em 0.0 min

=============================================
=== [confeiteiro] cta começa em 2026-05-03T20:40:18.942Z
=== log: /home/nmaldaner/projetos/timesmkt3/logs/criaprof-cta/confeiteiro-cta.log
=============================================
⏭ [confeiteiro/prof] vídeo já existe
⏭ [confeiteiro/generic] vídeo já existe

✅ [confeiteiro] CTA COMPLETO (2 variantes) em 0.0 min

=============================================
=== [dj-produtor] cta começa em 2026-05-03T20:40:18.942Z
=== log: /home/nmaldaner/projetos/timesmkt3/logs/criaprof-cta/dj-produtor-cta.log
=============================================
⏭ [dj-produtor/prof] vídeo já existe
⏭ [dj-produtor/generic] vídeo já existe

✅ [dj-produtor] CTA COMPLETO (2 variantes) em 0.0 min

=============================================
=== [agronomo] cta começa em 2026-05-03T20:40:18.943Z
=== log: /home/nmaldaner/projetos/timesmkt3/logs/criaprof-cta/agronomo-cta.log
=============================================
⏭ [agronomo/prof] vídeo já existe
⏭ [agronomo/generic] vídeo já existe

✅ [agronomo] CTA COMPLETO (2 variantes) em 0.0 min

=============================================
=== [biologo-ambiental] cta começa em 2026-05-03T20:40:18.943Z
=== log: /home/nmaldaner/projetos/timesmkt3/logs/criaprof-cta/biologo-ambiental-cta.log
=============================================
⏭ [biologo-ambiental/prof] vídeo já existe
⏭ [biologo-ambiental/generic] vídeo já existe

✅ [biologo-ambiental] CTA COMPLETO (2 variantes) em 0.0 min

=============================================
=== [pescador] cta começa em 2026-05-03T20:40:18.943Z
=== log: /home/nmaldaner/projetos/timesmkt3/logs/criaprof-cta/pescador-cta.log
=============================================
⏭ [pescador/prof] vídeo já existe
⏭ [pescador/generic] tts já existe

▶ [pescador/generic:whisper] sh: source /home/nmaldaner/miniconda3/etc/profile.d/conda.sh && conda activate chatt...
✅ [pescador/generic:whisper] ok

▶ [pescador/generic:render] node render-criaprof-cta-916.js pescador generic...
✅ [pescador/generic:render] ok

✅ [pescador] CTA COMPLETO (2 variantes) em 0.3 min

=============================================
=== [ortopedista] cta começa em 2026-05-03T20:40:39.902Z
=== log: /home/nmaldaner/projetos/timesmkt3/logs/criaprof-cta/ortopedista-cta.log
=============================================

▶ [ortopedista/prof:tts] node pipeline/generate-audio.js /tmp/narr/narr-criaprof-cta-prof-ortopedista.mp3 A ortopedia mudou. E agora? Você foi a criança que imobilizava o osso quebrado da boneca. Estudou cada articulação, virou ortopedista, devolveu milhares ao movimento. Viu o gesso virar polímero, o raio-X virar digital, a cirurgia virar minimamente invasiva. Agora a IA detecta fratura antes do olho. Você continua sendo o que reduz o osso na mão. Continue aprendendo no Inema ponto CLUB....
✅ [ortopedista/prof:tts] ok

▶ [ortopedista/prof:whisper] sh: source /home/nmaldaner/miniconda3/etc/profile.d/conda.sh && conda activate chatt...
✅ [ortopedista/prof:whisper] ok

▶ [ortopedista/prof:render] node render-criaprof-cta-916.js ortopedista prof...
✅ [ortopedista/prof:render] ok

▶ [ortopedista/generic:tts] node pipeline/generate-audio.js /tmp/narr/narr-criaprof-cta-generic-ortopedista.mp3 A sua profissão mudou. E agora? Você foi a criança que imobilizava o osso quebrado da boneca. Estudou cada articulação, virou ortopedista, devolveu milhares ao movimento. Viu o gesso virar polímero, o raio-X virar digital, a cirurgia virar minimamente invasiva. Agora a IA detecta fratura antes do olho. Você continua sendo o que reduz o osso na mão. Continue aprendendo no Inema ponto CLUB....
✅ [ortopedista/generic:tts] ok

▶ [ortopedista/generic:whisper] sh: source /home/nmaldaner/miniconda3/etc/profile.d/conda.sh && conda activate chatt...
✅ [ortopedista/generic:whisper] ok

▶ [ortopedista/generic:render] node render-criaprof-cta-916.js ortopedista generic...
✅ [ortopedista/generic:render] ok

✅ [ortopedista] CTA COMPLETO (2 variantes) em 0.9 min

=============================================
=== [oftalmologista] cta começa em 2026-05-03T20:41:32.907Z
=== log: /home/nmaldaner/projetos/timesmkt3/logs/criaprof-cta/oftalmologista-cta.log
=============================================

▶ [oftalmologista/prof:tts] node pipeline/generate-audio.js /tmp/narr/narr-criaprof-cta-prof-oftalmologista.mp3 A oftalmologia mudou. E agora? Você foi a criança que testava a vista da boneca. Estudou cada parte do olho, virou oftalmologista, devolveu milhares à nitidez. Viu o prontuário virar digital, a imagem virar OCT 3D, a consulta virar remota. Agora a IA detecta retinopatia antes do sintoma. Você continua sendo a que escolhe a lente certa. Continue aprendendo no Inema ponto CLUB....
✅ [oftalmologista/prof:tts] ok

▶ [oftalmologista/prof:whisper] sh: source /home/nmaldaner/miniconda3/etc/profile.d/conda.sh && conda activate chatt...
✅ [oftalmologista/prof:whisper] ok

▶ [oftalmologista/prof:render] node render-criaprof-cta-916.js oftalmologista prof...
✅ [oftalmologista/prof:render] ok

▶ [oftalmologista/generic:tts] node pipeline/generate-audio.js /tmp/narr/narr-criaprof-cta-generic-oftalmologista.mp3 A sua profissão mudou. E agora? Você foi a criança que testava a vista da boneca. Estudou cada parte do olho, virou oftalmologista, devolveu milhares à nitidez. Viu o prontuário virar digital, a imagem virar OCT 3D, a consulta virar remota. Agora a IA detecta retinopatia antes do sintoma. Você continua sendo a que escolhe a lente certa. Continue aprendendo no Inema ponto CLUB....
✅ [oftalmologista/generic:tts] ok

▶ [oftalmologista/generic:whisper] sh: source /home/nmaldaner/miniconda3/etc/profile.d/conda.sh && conda activate chatt...
✅ [oftalmologista/generic:whisper] ok

▶ [oftalmologista/generic:render] node render-criaprof-cta-916.js oftalmologista generic...
✅ [oftalmologista/generic:render] ok

✅ [oftalmologista] CTA COMPLETO (2 variantes) em 0.9 min

=============================================
=== [psiquiatra] cta começa em 2026-05-03T20:42:28.033Z
=== log: /home/nmaldaner/projetos/timesmkt3/logs/criaprof-cta/psiquiatra-cta.log
=============================================

▶ [psiquiatra/prof:tts] node pipeline/generate-audio.js /tmp/narr/narr-criaprof-cta-prof-psiquiatra.mp3 A psiquiatria mudou. E agora? Você foi a criança que ouvia a tristeza dos outros sem fugir. Estudou o cérebro e a alma, virou psiquiatra, caminhou com milhares. Viu o prontuário virar digital, o atendimento virar remoto, o medicamento virar dados. Agora a IA detecta padrão de humor pela voz. Você continua sendo o que dá o nome ao sofrimento. Continue aprendendo no Inema ponto CLUB....
✅ [psiquiatra/prof:tts] ok

▶ [psiquiatra/prof:whisper] sh: source /home/nmaldaner/miniconda3/etc/profile.d/conda.sh && conda activate chatt...
✅ [psiquiatra/prof:whisper] ok

▶ [psiquiatra/prof:render] node render-criaprof-cta-916.js psiquiatra prof...
✅ [psiquiatra/prof:render] ok

▶ [psiquiatra/generic:tts] node pipeline/generate-audio.js /tmp/narr/narr-criaprof-cta-generic-psiquiatra.mp3 A sua profissão mudou. E agora? Você foi a criança que ouvia a tristeza dos outros sem fugir. Estudou o cérebro e a alma, virou psiquiatra, caminhou com milhares. Viu o prontuário virar digital, o atendimento virar remoto, o medicamento virar dados. Agora a IA detecta padrão de humor pela voz. Você continua sendo o que dá o nome ao sofrimento. Continue aprendendo no Inema ponto CLUB....
✅ [psiquiatra/generic:tts] ok

▶ [psiquiatra/generic:whisper] sh: source /home/nmaldaner/miniconda3/etc/profile.d/conda.sh && conda activate chatt...
✅ [psiquiatra/generic:whisper] ok

▶ [psiquiatra/generic:render] node render-criaprof-cta-916.js psiquiatra generic...
✅ [psiquiatra/generic:render] ok

✅ [psiquiatra] CTA COMPLETO (2 variantes) em 0.9 min

=============================================
=== [dermatologista] cta começa em 2026-05-03T20:43:23.245Z
=== log: /home/nmaldaner/projetos/timesmkt3/logs/criaprof-cta/dermatologista-cta.log
=============================================

▶ [dermatologista/prof:tts] node pipeline/generate-audio.js /tmp/narr/narr-criaprof-cta-prof-dermatologista.mp3 A dermatologia mudou. E agora? Você foi a criança que examinava cada manchinha. Estudou a pele inteira, virou dermatologista, cuidou de milhares. Viu o exame virar digital, a foto virar AI, a consulta virar remota. Agora a IA detecta melanoma na foto. Você continua sendo a que confirma pela lupa. Continue aprendendo no Inema ponto CLUB....
✅ [dermatologista/prof:tts] ok

▶ [dermatologista/prof:whisper] sh: source /home/nmaldaner/miniconda3/etc/profile.d/conda.sh && conda activate chatt...
✅ [dermatologista/prof:whisper] ok

▶ [dermatologista/prof:render] node render-criaprof-cta-916.js dermatologista prof...
✅ [dermatologista/prof:render] ok

▶ [dermatologista/generic:tts] node pipeline/generate-audio.js /tmp/narr/narr-criaprof-cta-generic-dermatologista.mp3 A sua profissão mudou. E agora? Você foi a criança que examinava cada manchinha. Estudou a pele inteira, virou dermatologista, cuidou de milhares. Viu o exame virar digital, a foto virar AI, a consulta virar remota. Agora a IA detecta melanoma na foto. Você continua sendo a que confirma pela lupa. Continue aprendendo no Inema ponto CLUB....
✅ [dermatologista/generic:tts] ok

▶ [dermatologista/generic:whisper] sh: source /home/nmaldaner/miniconda3/etc/profile.d/conda.sh && conda activate chatt...
✅ [dermatologista/generic:whisper] ok

▶ [dermatologista/generic:render] node render-criaprof-cta-916.js dermatologista generic...
✅ [dermatologista/generic:render] ok

✅ [dermatologista] CTA COMPLETO (2 variantes) em 0.9 min

=============================================
=== [personal-trainer] cta começa em 2026-05-03T20:44:16.568Z
=== log: /home/nmaldaner/projetos/timesmkt3/logs/criaprof-cta/personal-trainer-cta.log
=============================================

▶ [personal-trainer/prof:tts] node pipeline/generate-audio.js /tmp/narr/narr-criaprof-cta-prof-personal-trainer.mp3 Ser personal trainer mudou. E agora? Você foi a criança que já corrigia postura dos amigos. Estudou cada exercício, virou personal, transformou milhares de corpos. Viu a ficha virar app, o treino virar vídeo, a aula virar remota. Agora a IA analisa forma pela câmera e gera plano. Você continua sendo o que motiva a continuar. Continue aprendendo no Inema ponto CLUB....
✅ [personal-trainer/prof:tts] ok

▶ [personal-trainer/prof:whisper] sh: source /home/nmaldaner/miniconda3/etc/profile.d/conda.sh && conda activate chatt...
✅ [personal-trainer/prof:whisper] ok

▶ [personal-trainer/prof:render] node render-criaprof-cta-916.js personal-trainer prof...
✅ [personal-trainer/prof:render] ok

▶ [personal-trainer/generic:tts] node pipeline/generate-audio.js /tmp/narr/narr-criaprof-cta-generic-personal-trainer.mp3 A sua profissão mudou. E agora? Você foi a criança que já corrigia postura dos amigos. Estudou cada exercício, virou personal, transformou milhares de corpos. Viu a ficha virar app, o treino virar vídeo, a aula virar remota. Agora a IA analisa forma pela câmera e gera plano. Você continua sendo o que motiva a continuar. Continue aprendendo no Inema ponto CLUB....
✅ [personal-trainer/generic:tts] ok

▶ [personal-trainer/generic:whisper] sh: source /home/nmaldaner/miniconda3/etc/profile.d/conda.sh && conda activate chatt...
✅ [personal-trainer/generic:whisper] ok

▶ [personal-trainer/generic:render] node render-criaprof-cta-916.js personal-trainer generic...
✅ [personal-trainer/generic:render] ok

✅ [personal-trainer] CTA COMPLETO (2 variantes) em 0.9 min

=============================================
=== [programador] cta começa em 2026-05-03T20:45:08.895Z
=== log: /home/nmaldaner/projetos/timesmkt3/logs/criaprof-cta/programador-cta.log
=============================================

▶ [programador/prof:tts] node pipeline/generate-audio.js /tmp/narr/narr-criaprof-cta-prof-programador.mp3 A programação mudou. E agora? Você foi a criança que desmontava o controle pra saber como funciona. Escreveu seu primeiro BASIC, virou programador, construiu sistemas que milhões usam. Viu o Pentium virar cloud, o print virar Git, a sala virar Zoom. Agora a IA escreve código junto. Você continua sendo o que entende o problema. Continue aprendendo no Inema ponto CLUB....
✅ [programador/prof:tts] ok

▶ [programador/prof:whisper] sh: source /home/nmaldaner/miniconda3/etc/profile.d/conda.sh && conda activate chatt...
✅ [programador/prof:whisper] ok

▶ [programador/prof:render] node render-criaprof-cta-916.js programador prof...
✅ [programador/prof:render] ok

▶ [programador/generic:tts] node pipeline/generate-audio.js /tmp/narr/narr-criaprof-cta-generic-programador.mp3 A sua profissão mudou. E agora? Você foi a criança que desmontava o controle pra saber como funciona. Escreveu seu primeiro BASIC, virou programador, construiu sistemas que milhões usam. Viu o Pentium virar cloud, o print virar Git, a sala virar Zoom. Agora a IA escreve código junto. Você continua sendo o que entende o problema. Continue aprendendo no Inema ponto CLUB....
✅ [programador/generic:tts] ok

▶ [programador/generic:whisper] sh: source /home/nmaldaner/miniconda3/etc/profile.d/conda.sh && conda activate chatt...
✅ [programador/generic:whisper] ok

▶ [programador/generic:render] node render-criaprof-cta-916.js programador generic...
✅ [programador/generic:render] ok

✅ [programador] CTA COMPLETO (2 variantes) em 0.9 min

=============================================
=== [analista-sistemas] cta começa em 2026-05-03T20:46:02.159Z
=== log: /home/nmaldaner/projetos/timesmkt3/logs/criaprof-cta/analista-sistemas-cta.log
=============================================

▶ [analista-sistemas/prof:tts] node pipeline/generate-audio.js /tmp/narr/narr-criaprof-cta-prof-analista-sistemas.mp3 A análise de sistemas mudou. E agora? Você foi a criança que organizava a mesa da família por cor. Estudou sistemas, virou analista, organizou empresas inteiras. Viu o fluxograma virar Visio, o processo virar BPMN, a reunião virar Zoom. Agora a IA descobre processos pelos logs. Você continua sendo a que vê o todo. Continue aprendendo no Inema ponto CLUB....
✅ [analista-sistemas/prof:tts] ok

▶ [analista-sistemas/prof:whisper] sh: source /home/nmaldaner/miniconda3/etc/profile.d/conda.sh && conda activate chatt...
✅ [analista-sistemas/prof:whisper] ok

▶ [analista-sistemas/prof:render] node render-criaprof-cta-916.js analista-sistemas prof...
✅ [analista-sistemas/prof:render] ok

▶ [analista-sistemas/generic:tts] node pipeline/generate-audio.js /tmp/narr/narr-criaprof-cta-generic-analista-sistemas.mp3 A sua profissão mudou. E agora? Você foi a criança que organizava a mesa da família por cor. Estudou sistemas, virou analista, organizou empresas inteiras. Viu o fluxograma virar Visio, o processo virar BPMN, a reunião virar Zoom. Agora a IA descobre processos pelos logs. Você continua sendo a que vê o todo. Continue aprendendo no Inema ponto CLUB....
✅ [analista-sistemas/generic:tts] ok

▶ [analista-sistemas/generic:whisper] sh: source /home/nmaldaner/miniconda3/etc/profile.d/conda.sh && conda activate chatt...
✅ [analista-sistemas/generic:whisper] ok

▶ [analista-sistemas/generic:render] node render-criaprof-cta-916.js analista-sistemas generic...
✅ [analista-sistemas/generic:render] ok

✅ [analista-sistemas] CTA COMPLETO (2 variantes) em 0.9 min

=============================================
=== [designer-ux] cta começa em 2026-05-03T20:46:55.485Z
=== log: /home/nmaldaner/projetos/timesmkt3/logs/criaprof-cta/designer-ux-cta.log
=============================================

▶ [designer-ux/prof:tts] node pipeline/generate-audio.js /tmp/narr/narr-criaprof-cta-prof-designer-ux.mp3 O UX design mudou. E agora? Você foi a criança que desenhava como seriam as coisas. Estudou tipografia, cor, hierarquia, virou UX designer, desenhou interfaces que milhões usam. Viu a prancheta virar Figma, a reunião virar Zoom, o wireframe virar 3D. Agora a IA gera telas em segundos. Você continua sendo a que entende o usuário. Continue aprendendo no Inema ponto CLUB....
✅ [designer-ux/prof:tts] ok

▶ [designer-ux/prof:whisper] sh: source /home/nmaldaner/miniconda3/etc/profile.d/conda.sh && conda activate chatt...
✅ [designer-ux/prof:whisper] ok

▶ [designer-ux/prof:render] node render-criaprof-cta-916.js designer-ux prof...
✅ [designer-ux/prof:render] ok

▶ [designer-ux/generic:tts] node pipeline/generate-audio.js /tmp/narr/narr-criaprof-cta-generic-designer-ux.mp3 A sua profissão mudou. E agora? Você foi a criança que desenhava como seriam as coisas. Estudou tipografia, cor, hierarquia, virou UX designer, desenhou interfaces que milhões usam. Viu a prancheta virar Figma, a reunião virar Zoom, o wireframe virar 3D. Agora a IA gera telas em segundos. Você continua sendo a que entende o usuário. Continue aprendendo no Inema ponto CLUB....
✅ [designer-ux/generic:tts] ok

▶ [designer-ux/generic:whisper] sh: source /home/nmaldaner/miniconda3/etc/profile.d/conda.sh && conda activate chatt...
✅ [designer-ux/generic:whisper] ok

▶ [designer-ux/generic:render] node render-criaprof-cta-916.js designer-ux generic...
✅ [designer-ux/generic:render] ok

✅ [designer-ux] CTA COMPLETO (2 variantes) em 0.9 min

=============================================
=== [gerente-projeto] cta começa em 2026-05-03T20:47:51.973Z
=== log: /home/nmaldaner/projetos/timesmkt3/logs/criaprof-cta/gerente-projeto-cta.log
=============================================

▶ [gerente-projeto/prof:tts] node pipeline/generate-audio.js /tmp/narr/narr-criaprof-cta-prof-gerente-projeto.mp3 A gestão de projetos mudou. E agora? Você foi a criança que organizava festa pra trinta primos. Estudou gestão, virou gerente, entregou milhares de projetos. Viu a folha de Gantt virar Jira, a reunião virar Zoom, o Slack virar realidade. Agora a IA prevê risco antes de estourar. Você continua sendo o que une o time. Continue aprendendo no Inema ponto CLUB....
✅ [gerente-projeto/prof:tts] ok

▶ [gerente-projeto/prof:whisper] sh: source /home/nmaldaner/miniconda3/etc/profile.d/conda.sh && conda activate chatt...
✅ [gerente-projeto/prof:whisper] ok

▶ [gerente-projeto/prof:render] node render-criaprof-cta-916.js gerente-projeto prof...
✅ [gerente-projeto/prof:render] ok

▶ [gerente-projeto/generic:tts] node pipeline/generate-audio.js /tmp/narr/narr-criaprof-cta-generic-gerente-projeto.mp3 A sua profissão mudou. E agora? Você foi a criança que organizava festa pra trinta primos. Estudou gestão, virou gerente, entregou milhares de projetos. Viu a folha de Gantt virar Jira, a reunião virar Zoom, o Slack virar realidade. Agora a IA prevê risco antes de estourar. Você continua sendo o que une o time. Continue aprendendo no Inema ponto CLUB....
✅ [gerente-projeto/generic:tts] ok

▶ [gerente-projeto/generic:whisper] sh: source /home/nmaldaner/miniconda3/etc/profile.d/conda.sh && conda activate chatt...
✅ [gerente-projeto/generic:whisper] ok

▶ [gerente-projeto/generic:render] node render-criaprof-cta-916.js gerente-projeto generic...
✅ [gerente-projeto/generic:render] ok

✅ [gerente-projeto] CTA COMPLETO (2 variantes) em 0.9 min

=============================================
=== [especialista-cybersec] cta começa em 2026-05-03T20:48:45.512Z
=== log: /home/nmaldaner/projetos/timesmkt3/logs/criaprof-cta/especialista-cybersec-cta.log
=============================================

▶ [especialista-cybersec/prof:tts] node pipeline/generate-audio.js /tmp/narr/narr-criaprof-cta-prof-especialista-cybersec.mp3 A cibersegurança mudou. E agora? Você foi a criança que inventava códigos secretos. Aprendeu rede, malware, CVE, virou cybersec, defendeu milhares. Viu o antivírus virar EDR, o firewall virar nuvem, o ataque virar IA. Agora a IA detecta ameaça antes do dano. Você continua sendo o que pensa como o atacante. Continue aprendendo no Inema ponto CLUB....
✅ [especialista-cybersec/prof:tts] ok

▶ [especialista-cybersec/prof:whisper] sh: source /home/nmaldaner/miniconda3/etc/profile.d/conda.sh && conda activate chatt...
✅ [especialista-cybersec/prof:whisper] ok

▶ [especialista-cybersec/prof:render] node render-criaprof-cta-916.js especialista-cybersec prof...
✅ [especialista-cybersec/prof:render] ok

▶ [especialista-cybersec/generic:tts] node pipeline/generate-audio.js /tmp/narr/narr-criaprof-cta-generic-especialista-cybersec.mp3 A sua profissão mudou. E agora? Você foi a criança que inventava códigos secretos. Aprendeu rede, malware, CVE, virou cybersec, defendeu milhares. Viu o antivírus virar EDR, o firewall virar nuvem, o ataque virar IA. Agora a IA detecta ameaça antes do dano. Você continua sendo o que pensa como o atacante. Continue aprendendo no Inema ponto CLUB....
✅ [especialista-cybersec/generic:tts] ok

▶ [especialista-cybersec/generic:whisper] sh: source /home/nmaldaner/miniconda3/etc/profile.d/conda.sh && conda activate chatt...
✅ [especialista-cybersec/generic:whisper] ok

▶ [especialista-cybersec/generic:render] node render-criaprof-cta-916.js especialista-cybersec generic...
✅ [especialista-cybersec/generic:render] ok

✅ [especialista-cybersec] CTA COMPLETO (2 variantes) em 0.9 min

=============================================
=== [gerente-banco] cta começa em 2026-05-03T20:49:39.985Z
=== log: /home/nmaldaner/projetos/timesmkt3/logs/criaprof-cta/gerente-banco-cta.log
=============================================

▶ [gerente-banco/prof:tts] node pipeline/generate-audio.js /tmp/narr/narr-criaprof-cta-prof-gerente-banco.mp3 O setor bancário mudou. E agora? Você foi a criança que administrava cofrinho. Estudou finanças, virou gerente de banco, ajudou milhares a realizar. Viu o carimbo virar chip, o cheque virar PIX, a fila virar app. Agora a IA avalia crédito em milissegundos. Você continua sendo a que escuta o cliente antes do sistema. Continue aprendendo no Inema ponto CLUB....
✅ [gerente-banco/prof:tts] ok

▶ [gerente-banco/prof:whisper] sh: source /home/nmaldaner/miniconda3/etc/profile.d/conda.sh && conda activate chatt...
✅ [gerente-banco/prof:whisper] ok

▶ [gerente-banco/prof:render] node render-criaprof-cta-916.js gerente-banco prof...
✅ [gerente-banco/prof:render] ok

▶ [gerente-banco/generic:tts] node pipeline/generate-audio.js /tmp/narr/narr-criaprof-cta-generic-gerente-banco.mp3 A sua profissão mudou. E agora? Você foi a criança que administrava cofrinho. Estudou finanças, virou gerente de banco, ajudou milhares a realizar. Viu o carimbo virar chip, o cheque virar PIX, a fila virar app. Agora a IA avalia crédito em milissegundos. Você continua sendo a que escuta o cliente antes do sistema. Continue aprendendo no Inema ponto CLUB....
✅ [gerente-banco/generic:tts] ok

▶ [gerente-banco/generic:whisper] sh: source /home/nmaldaner/miniconda3/etc/profile.d/conda.sh && conda activate chatt...
✅ [gerente-banco/generic:whisper] ok

▶ [gerente-banco/generic:render] node render-criaprof-cta-916.js gerente-banco generic...
✅ [gerente-banco/generic:render] ok

✅ [gerente-banco] CTA COMPLETO (2 variantes) em 0.9 min

=============================================
=== [corretor-imoveis] cta começa em 2026-05-03T20:50:31.437Z
=== log: /home/nmaldaner/projetos/timesmkt3/logs/criaprof-cta/corretor-imoveis-cta.log
=============================================

▶ [corretor-imoveis/prof:tts] node pipeline/generate-audio.js /tmp/narr/narr-criaprof-cta-prof-corretor-imoveis.mp3 A corretagem mudou. E agora? Você foi a criança que decorava a casa mental da boneca. Aprendeu cada bairro, virou corretor, entregou milhares de chaves. Viu o jornal virar Zap, a visita virar vídeo, a placa virar QR. Agora a IA avalia imóvel em segundos. Você continua sendo o que escuta o sonho. Continue aprendendo no Inema ponto CLUB....
✅ [corretor-imoveis/prof:tts] ok

▶ [corretor-imoveis/prof:whisper] sh: source /home/nmaldaner/miniconda3/etc/profile.d/conda.sh && conda activate chatt...
✅ [corretor-imoveis/prof:whisper] ok

▶ [corretor-imoveis/prof:render] node render-criaprof-cta-916.js corretor-imoveis prof...
✅ [corretor-imoveis/prof:render] ok

▶ [corretor-imoveis/generic:tts] node pipeline/generate-audio.js /tmp/narr/narr-criaprof-cta-generic-corretor-imoveis.mp3 A sua profissão mudou. E agora? Você foi a criança que decorava a casa mental da boneca. Aprendeu cada bairro, virou corretor, entregou milhares de chaves. Viu o jornal virar Zap, a visita virar vídeo, a placa virar QR. Agora a IA avalia imóvel em segundos. Você continua sendo o que escuta o sonho. Continue aprendendo no Inema ponto CLUB....
✅ [corretor-imoveis/generic:tts] ok

▶ [corretor-imoveis/generic:whisper] sh: source /home/nmaldaner/miniconda3/etc/profile.d/conda.sh && conda activate chatt...
✅ [corretor-imoveis/generic:whisper] ok

▶ [corretor-imoveis/generic:render] node render-criaprof-cta-916.js corretor-imoveis generic...
✅ [corretor-imoveis/generic:render] ok

✅ [corretor-imoveis] CTA COMPLETO (2 variantes) em 0.9 min

=============================================
=== [vendedor] cta começa em 2026-05-03T20:51:22.757Z
=== log: /home/nmaldaner/projetos/timesmkt3/logs/criaprof-cta/vendedor-cta.log
=============================================

▶ [vendedor/prof:tts] node pipeline/generate-audio.js /tmp/narr/narr-criaprof-cta-prof-vendedor.mp3 Vender mudou. E agora? Você foi a criança que vendia pirulito pros primos. Aprendeu cada objeção, virou vendedor, fechou milhares de pedidos. Viu o bloquinho virar CRM, o samplezinho virar demo online, o cliente virar contato digital. Agora a IA prioriza leads pelo score. Você continua sendo o que escuta o cliente. Continue aprendendo no Inema ponto CLUB....
✅ [vendedor/prof:tts] ok

▶ [vendedor/prof:whisper] sh: source /home/nmaldaner/miniconda3/etc/profile.d/conda.sh && conda activate chatt...
✅ [vendedor/prof:whisper] ok

▶ [vendedor/prof:render] node render-criaprof-cta-916.js vendedor prof...
✅ [vendedor/prof:render] ok

▶ [vendedor/generic:tts] node pipeline/generate-audio.js /tmp/narr/narr-criaprof-cta-generic-vendedor.mp3 A sua profissão mudou. E agora? Você foi a criança que vendia pirulito pros primos. Aprendeu cada objeção, virou vendedor, fechou milhares de pedidos. Viu o bloquinho virar CRM, o samplezinho virar demo online, o cliente virar contato digital. Agora a IA prioriza leads pelo score. Você continua sendo o que escuta o cliente. Continue aprendendo no Inema ponto CLUB....
✅ [vendedor/generic:tts] ok

▶ [vendedor/generic:whisper] sh: source /home/nmaldaner/miniconda3/etc/profile.d/conda.sh && conda activate chatt...
✅ [vendedor/generic:whisper] ok

▶ [vendedor/generic:render] node render-criaprof-cta-916.js vendedor generic...
✅ [vendedor/generic:render] ok

✅ [vendedor] CTA COMPLETO (2 variantes) em 0.9 min

=============================================
=== [empresario] cta começa em 2026-05-03T20:52:16.368Z
=== log: /home/nmaldaner/projetos/timesmkt3/logs/criaprof-cta/empresario-cta.log
=============================================

▶ [empresario/prof:tts] node pipeline/generate-audio.js /tmp/narr/narr-criaprof-cta-prof-empresario.mp3 Empreender mudou. E agora? Você foi a criança que ficava no caixa com o pai. Aprendeu a virar estoque em venda, virou empresário, abriu porta pra milhares de famílias. Viu o caderno virar ERP, o caixa virar PIX, o cliente virar Instagram. Agora a IA prevê estoque antes de faltar. Você continua sendo o que conhece cada cliente pelo nome. Continue aprendendo no Inema ponto CLUB....
✅ [empresario/prof:tts] ok

▶ [empresario/prof:whisper] sh: source /home/nmaldaner/miniconda3/etc/profile.d/conda.sh && conda activate chatt...
✅ [empresario/prof:whisper] ok

▶ [empresario/prof:render] node render-criaprof-cta-916.js empresario prof...
✅ [empresario/prof:render] ok

▶ [empresario/generic:tts] node pipeline/generate-audio.js /tmp/narr/narr-criaprof-cta-generic-empresario.mp3 A sua profissão mudou. E agora? Você foi a criança que ficava no caixa com o pai. Aprendeu a virar estoque em venda, virou empresário, abriu porta pra milhares de famílias. Viu o caderno virar ERP, o caixa virar PIX, o cliente virar Instagram. Agora a IA prevê estoque antes de faltar. Você continua sendo o que conhece cada cliente pelo nome. Continue aprendendo no Inema ponto CLUB....
✅ [empresario/generic:tts] ok

▶ [empresario/generic:whisper] sh: source /home/nmaldaner/miniconda3/etc/profile.d/conda.sh && conda activate chatt...
✅ [empresario/generic:whisper] ok

▶ [empresario/generic:render] node render-criaprof-cta-916.js empresario generic...
✅ [empresario/generic:render] ok

✅ [empresario] CTA COMPLETO (2 variantes) em 0.9 min

=============================================
=== [musico] cta começa em 2026-05-03T20:53:09.735Z
=== log: /home/nmaldaner/projetos/timesmkt3/logs/criaprof-cta/musico-cta.log
=============================================

▶ [musico/prof:tts] node pipeline/generate-audio.js /tmp/narr/narr-criaprof-cta-prof-musico.mp3 A música mudou. E agora? Você foi a criança que batucava tudo que era móvel. Aprendeu cada acorde, virou músico, emocionou milhares. Viu o disco virar CD, o CD virar MP3, o MP3 virar streaming. Agora a IA ajuda a compor, masteriza, separa stems. Você continua sendo o que sente a música antes de tocar. Continue aprendendo no Inema ponto CLUB....
✅ [musico/prof:tts] ok

▶ [musico/prof:whisper] sh: source /home/nmaldaner/miniconda3/etc/profile.d/conda.sh && conda activate chatt...
✅ [musico/prof:whisper] ok

▶ [musico/prof:render] node render-criaprof-cta-916.js musico prof...
✅ [musico/prof:render] ok

▶ [musico/generic:tts] node pipeline/generate-audio.js /tmp/narr/narr-criaprof-cta-generic-musico.mp3 A sua profissão mudou. E agora? Você foi a criança que batucava tudo que era móvel. Aprendeu cada acorde, virou músico, emocionou milhares. Viu o disco virar CD, o CD virar MP3, o MP3 virar streaming. Agora a IA ajuda a compor, masteriza, separa stems. Você continua sendo o que sente a música antes de tocar. Continue aprendendo no Inema ponto CLUB....
✅ [musico/generic:tts] ok

▶ [musico/generic:whisper] sh: source /home/nmaldaner/miniconda3/etc/profile.d/conda.sh && conda activate chatt...
✅ [musico/generic:whisper] ok

▶ [musico/generic:render] node render-criaprof-cta-916.js musico generic...
✅ [musico/generic:render] ok

✅ [musico] CTA COMPLETO (2 variantes) em 0.9 min

=============================================
=== [ator] cta começa em 2026-05-03T20:54:01.446Z
=== log: /home/nmaldaner/projetos/timesmkt3/logs/criaprof-cta/ator-cta.log
=============================================

▶ [ator/prof:tts] node pipeline/generate-audio.js /tmp/narr/narr-criaprof-cta-prof-ator.mp3 A atuação mudou. E agora? Você foi a criança que fazia discurso pro espelho. Aprendeu cada máscara, virou ator, emocionou milhares. Viu o palco virar TV, a TV virar streaming, o teste virar self-tape. Agora a IA ensaia com você a noite inteira. Você continua sendo o que mora dentro do personagem. Continue aprendendo no Inema ponto CLUB....
✅ [ator/prof:tts] ok

▶ [ator/prof:whisper] sh: source /home/nmaldaner/miniconda3/etc/profile.d/conda.sh && conda activate chatt...
✅ [ator/prof:whisper] ok

▶ [ator/prof:render] node render-criaprof-cta-916.js ator prof...
✅ [ator/prof:render] ok

▶ [ator/generic:tts] node pipeline/generate-audio.js /tmp/narr/narr-criaprof-cta-generic-ator.mp3 A sua profissão mudou. E agora? Você foi a criança que fazia discurso pro espelho. Aprendeu cada máscara, virou ator, emocionou milhares. Viu o palco virar TV, a TV virar streaming, o teste virar self-tape. Agora a IA ensaia com você a noite inteira. Você continua sendo o que mora dentro do personagem. Continue aprendendo no Inema ponto CLUB....
✅ [ator/generic:tts] ok

▶ [ator/generic:whisper] sh: source /home/nmaldaner/miniconda3/etc/profile.d/conda.sh && conda activate chatt...
✅ [ator/generic:whisper] ok

▶ [ator/generic:render] node render-criaprof-cta-916.js ator generic...
✅ [ator/generic:render] ok

✅ [ator] CTA COMPLETO (2 variantes) em 0.9 min

=============================================
=== [professor-danca] cta começa em 2026-05-03T20:54:55.867Z
=== log: /home/nmaldaner/projetos/timesmkt3/logs/criaprof-cta/professor-danca-cta.log
=============================================

▶ [professor-danca/prof:tts] node pipeline/generate-audio.js /tmp/narr/narr-criaprof-cta-prof-professor-danca.mp3 A dança mudou. E agora? Você foi a criança que dançava na sala desde cedo. Aprendeu cada passo, virou professora de dança, movimentou milhares. Viu a fita virar MP3, o espelho virar câmera, a aula virar Zoom. Agora a IA analisa postura e timing. Você continua sendo a que sente a música antes do aluno. Continue aprendendo no Inema ponto CLUB....
✅ [professor-danca/prof:tts] ok

▶ [professor-danca/prof:whisper] sh: source /home/nmaldaner/miniconda3/etc/profile.d/conda.sh && conda activate chatt...
✅ [professor-danca/prof:whisper] ok

▶ [professor-danca/prof:render] node render-criaprof-cta-916.js professor-danca prof...
✅ [professor-danca/prof:render] ok

▶ [professor-danca/generic:tts] node pipeline/generate-audio.js /tmp/narr/narr-criaprof-cta-generic-professor-danca.mp3 A sua profissão mudou. E agora? Você foi a criança que dançava na sala desde cedo. Aprendeu cada passo, virou professora de dança, movimentou milhares. Viu a fita virar MP3, o espelho virar câmera, a aula virar Zoom. Agora a IA analisa postura e timing. Você continua sendo a que sente a música antes do aluno. Continue aprendendo no Inema ponto CLUB....
✅ [professor-danca/generic:tts] ok

▶ [professor-danca/generic:whisper] sh: source /home/nmaldaner/miniconda3/etc/profile.d/conda.sh && conda activate chatt...
✅ [professor-danca/generic:whisper] ok

▶ [professor-danca/generic:render] node render-criaprof-cta-916.js professor-danca generic...
✅ [professor-danca/generic:render] ok

✅ [professor-danca] CTA COMPLETO (2 variantes) em 0.9 min

=============================================
=== [escritor] cta começa em 2026-05-03T20:55:47.078Z
=== log: /home/nmaldaner/projetos/timesmkt3/logs/criaprof-cta/escritor-cta.log
=============================================

▶ [escritor/prof:tts] node pipeline/generate-audio.js /tmp/narr/narr-criaprof-cta-prof-escritor.mp3 A escrita mudou. E agora? Você foi a criança que inventava mundo em caderno. Aprendeu cada palavra, virou escritor, tocou milhares. Viu a máquina virar Word, o livro virar PDF, a revisão virar Zoom. Agora a IA sugere, refina, pergunta. Você continua sendo o que tem a voz. Continue aprendendo no Inema ponto CLUB....
✅ [escritor/prof:tts] ok

▶ [escritor/prof:whisper] sh: source /home/nmaldaner/miniconda3/etc/profile.d/conda.sh && conda activate chatt...
✅ [escritor/prof:whisper] ok

▶ [escritor/prof:render] node render-criaprof-cta-916.js escritor prof...
✅ [escritor/prof:render] ok

▶ [escritor/generic:tts] node pipeline/generate-audio.js /tmp/narr/narr-criaprof-cta-generic-escritor.mp3 A sua profissão mudou. E agora? Você foi a criança que inventava mundo em caderno. Aprendeu cada palavra, virou escritor, tocou milhares. Viu a máquina virar Word, o livro virar PDF, a revisão virar Zoom. Agora a IA sugere, refina, pergunta. Você continua sendo o que tem a voz. Continue aprendendo no Inema ponto CLUB....
✅ [escritor/generic:tts] ok

▶ [escritor/generic:whisper] sh: source /home/nmaldaner/miniconda3/etc/profile.d/conda.sh && conda activate chatt...
✅ [escritor/generic:whisper] ok

▶ [escritor/generic:render] node render-criaprof-cta-916.js escritor generic...
✅ [escritor/generic:render] ok

✅ [escritor] CTA COMPLETO (2 variantes) em 0.8 min

=============================================
=== [animador] cta começa em 2026-05-03T20:56:38.074Z
=== log: /home/nmaldaner/projetos/timesmkt3/logs/criaprof-cta/animador-cta.log
=============================================

▶ [animador/prof:tts] node pipeline/generate-audio.js /tmp/narr/narr-criaprof-cta-prof-animador.mp3 A animação mudou. E agora? Você foi a criança que desenhava flip book no caderno. Aprendeu cada princípio, virou animadora, deu vida a milhares. Viu o papel virar Wacom, o cel virar camada, o estúdio virar remoto. Agora a IA gera in-betweens em segundos. Você continua sendo a que imagina antes de desenhar. Continue aprendendo no Inema ponto CLUB....
✅ [animador/prof:tts] ok

▶ [animador/prof:whisper] sh: source /home/nmaldaner/miniconda3/etc/profile.d/conda.sh && conda activate chatt...
✅ [animador/prof:whisper] ok

▶ [animador/prof:render] node render-criaprof-cta-916.js animador prof...
✅ [animador/prof:render] ok

▶ [animador/generic:tts] node pipeline/generate-audio.js /tmp/narr/narr-criaprof-cta-generic-animador.mp3 A sua profissão mudou. E agora? Você foi a criança que desenhava flip book no caderno. Aprendeu cada princípio, virou animadora, deu vida a milhares. Viu o papel virar Wacom, o cel virar camada, o estúdio virar remoto. Agora a IA gera in-betweens em segundos. Você continua sendo a que imagina antes de desenhar. Continue aprendendo no Inema ponto CLUB....
✅ [animador/generic:tts] ok

▶ [animador/generic:whisper] sh: source /home/nmaldaner/miniconda3/etc/profile.d/conda.sh && conda activate chatt...
✅ [animador/generic:whisper] ok

▶ [animador/generic:render] node render-criaprof-cta-916.js animador generic...
✅ [animador/generic:render] ok

✅ [animador] CTA COMPLETO (2 variantes) em 0.9 min

=============================================
=== [serralheiro] cta começa em 2026-05-03T20:57:31.002Z
=== log: /home/nmaldaner/projetos/timesmkt3/logs/criaprof-cta/serralheiro-cta.log
=============================================

▶ [serralheiro/prof:tts] node pipeline/generate-audio.js /tmp/narr/narr-criaprof-cta-prof-serralheiro.mp3 A serralheria mudou. E agora? Você foi a criança que pegava no ferro com o pai. Aprendeu cada solda, virou serralheiro, fez milhares de portões. Viu o projeto de papel virar CAD, o catálogo virar site, o cliente virar WhatsApp. Agora a IA gera design em segundos. Você continua sendo o que sente o metal na mão. Continue aprendendo no Inema ponto CLUB....
✅ [serralheiro/prof:tts] ok

▶ [serralheiro/prof:whisper] sh: source /home/nmaldaner/miniconda3/etc/profile.d/conda.sh && conda activate chatt...
✅ [serralheiro/prof:whisper] ok

▶ [serralheiro/prof:render] node render-criaprof-cta-916.js serralheiro prof...
✅ [serralheiro/prof:render] ok

▶ [serralheiro/generic:tts] node pipeline/generate-audio.js /tmp/narr/narr-criaprof-cta-generic-serralheiro.mp3 A sua profissão mudou. E agora? Você foi a criança que pegava no ferro com o pai. Aprendeu cada solda, virou serralheiro, fez milhares de portões. Viu o projeto de papel virar CAD, o catálogo virar site, o cliente virar WhatsApp. Agora a IA gera design em segundos. Você continua sendo o que sente o metal na mão. Continue aprendendo no Inema ponto CLUB....
✅ [serralheiro/generic:tts] ok

▶ [serralheiro/generic:whisper] sh: source /home/nmaldaner/miniconda3/etc/profile.d/conda.sh && conda activate chatt...
✅ [serralheiro/generic:whisper] ok

▶ [serralheiro/generic:render] node render-criaprof-cta-916.js serralheiro generic...
✅ [serralheiro/generic:render] ok

✅ [serralheiro] CTA COMPLETO (2 variantes) em 0.9 min

=============================================
=== [vidraceiro] cta começa em 2026-05-03T20:58:22.467Z
=== log: /home/nmaldaner/projetos/timesmkt3/logs/criaprof-cta/vidraceiro-cta.log
=============================================

▶ [vidraceiro/prof:tts] node pipeline/generate-audio.js /tmp/narr/narr-criaprof-cta-prof-vidraceiro.mp3 A vidraçaria mudou. E agora? Você foi a criança que pegava caco colorido do chão. Aprendeu cada corte, virou vidraceiro, colocou milhares de janelas. Viu a régua virar CAD, a ordem virar WhatsApp, o catálogo virar site. Agora a IA confere medida pela foto. Você continua sendo o que faz o corte preciso. Continue aprendendo no Inema ponto CLUB....
✅ [vidraceiro/prof:tts] ok

▶ [vidraceiro/prof:whisper] sh: source /home/nmaldaner/miniconda3/etc/profile.d/conda.sh && conda activate chatt...
✅ [vidraceiro/prof:whisper] ok

▶ [vidraceiro/prof:render] node render-criaprof-cta-916.js vidraceiro prof...
✅ [vidraceiro/prof:render] ok

▶ [vidraceiro/generic:tts] node pipeline/generate-audio.js /tmp/narr/narr-criaprof-cta-generic-vidraceiro.mp3 A sua profissão mudou. E agora? Você foi a criança que pegava caco colorido do chão. Aprendeu cada corte, virou vidraceiro, colocou milhares de janelas. Viu a régua virar CAD, a ordem virar WhatsApp, o catálogo virar site. Agora a IA confere medida pela foto. Você continua sendo o que faz o corte preciso. Continue aprendendo no Inema ponto CLUB....
✅ [vidraceiro/generic:tts] ok

▶ [vidraceiro/generic:whisper] sh: source /home/nmaldaner/miniconda3/etc/profile.d/conda.sh && conda activate chatt...
✅ [vidraceiro/generic:whisper] ok

▶ [vidraceiro/generic:render] node render-criaprof-cta-916.js vidraceiro generic...
✅ [vidraceiro/generic:render] ok

✅ [vidraceiro] CTA COMPLETO (2 variantes) em 0.9 min

=============================================
=== [torneiro-mecanico] cta começa em 2026-05-03T20:59:18.878Z
=== log: /home/nmaldaner/projetos/timesmkt3/logs/criaprof-cta/torneiro-mecanico-cta.log
=============================================

▶ [torneiro-mecanico/prof:tts] node pipeline/generate-audio.js /tmp/narr/narr-criaprof-cta-prof-torneiro-mecanico.mp3 A tornearia mecânica mudou. E agora? Você foi a criança que observava o torno por horas. Aprendeu cada medida, virou torneiro, usinou milhares de peças. Viu o torno virar CNC, o desenho virar CAD, a inspeção virar AI. Agora a IA programa toolpath em segundos. Você continua sendo o que sente a tolerância. Continue aprendendo no Inema ponto CLUB....
✅ [torneiro-mecanico/prof:tts] ok

▶ [torneiro-mecanico/prof:whisper] sh: source /home/nmaldaner/miniconda3/etc/profile.d/conda.sh && conda activate chatt...
✅ [torneiro-mecanico/prof:whisper] ok

▶ [torneiro-mecanico/prof:render] node render-criaprof-cta-916.js torneiro-mecanico prof...
✅ [torneiro-mecanico/prof:render] ok

▶ [torneiro-mecanico/generic:tts] node pipeline/generate-audio.js /tmp/narr/narr-criaprof-cta-generic-torneiro-mecanico.mp3 A sua profissão mudou. E agora? Você foi a criança que observava o torno por horas. Aprendeu cada medida, virou torneiro, usinou milhares de peças. Viu o torno virar CNC, o desenho virar CAD, a inspeção virar AI. Agora a IA programa toolpath em segundos. Você continua sendo o que sente a tolerância. Continue aprendendo no Inema ponto CLUB....
✅ [torneiro-mecanico/generic:tts] ok

▶ [torneiro-mecanico/generic:whisper] sh: source /home/nmaldaner/miniconda3/etc/profile.d/conda.sh && conda activate chatt...
✅ [torneiro-mecanico/generic:whisper] ok

▶ [torneiro-mecanico/generic:render] node render-criaprof-cta-916.js torneiro-mecanico generic...
✅ [torneiro-mecanico/generic:render] ok

✅ [torneiro-mecanico] CTA COMPLETO (2 variantes) em 0.9 min

=============================================
=== [funileiro] cta começa em 2026-05-03T21:00:13.129Z
=== log: /home/nmaldaner/projetos/timesmkt3/logs/criaprof-cta/funileiro-cta.log
=============================================

▶ [funileiro/prof:tts] node pipeline/generate-audio.js /tmp/narr/narr-criaprof-cta-prof-funileiro.mp3 A funilaria mudou. E agora? Você foi a criança que pintava o carrinho do irmão. Aprendeu cada amassado, virou funileiro, devolveu milhares de carros ao brilho. Viu a tabela de cor virar digital, o orçamento virar app, o cliente virar foto. Agora a IA estima dano em segundos. Você continua sendo o que sente a forma na mão. Continue aprendendo no Inema ponto CLUB....
✅ [funileiro/prof:tts] ok

▶ [funileiro/prof:whisper] sh: source /home/nmaldaner/miniconda3/etc/profile.d/conda.sh && conda activate chatt...
✅ [funileiro/prof:whisper] ok

▶ [funileiro/prof:render] node render-criaprof-cta-916.js funileiro prof...
✅ [funileiro/prof:render] ok

▶ [funileiro/generic:tts] node pipeline/generate-audio.js /tmp/narr/narr-criaprof-cta-generic-funileiro.mp3 A sua profissão mudou. E agora? Você foi a criança que pintava o carrinho do irmão. Aprendeu cada amassado, virou funileiro, devolveu milhares de carros ao brilho. Viu a tabela de cor virar digital, o orçamento virar app, o cliente virar foto. Agora a IA estima dano em segundos. Você continua sendo o que sente a forma na mão. Continue aprendendo no Inema ponto CLUB....
✅ [funileiro/generic:tts] ok

▶ [funileiro/generic:whisper] sh: source /home/nmaldaner/miniconda3/etc/profile.d/conda.sh && conda activate chatt...
✅ [funileiro/generic:whisper] ok

▶ [funileiro/generic:render] node render-criaprof-cta-916.js funileiro generic...
✅ [funileiro/generic:render] ok

✅ [funileiro] CTA COMPLETO (2 variantes) em 0.9 min

=============================================
=== [motorista-app] cta começa em 2026-05-03T21:01:08.555Z
=== log: /home/nmaldaner/projetos/timesmkt3/logs/criaprof-cta/motorista-app-cta.log
=============================================

▶ [motorista-app/prof:tts] node pipeline/generate-audio.js /tmp/narr/narr-criaprof-cta-prof-motorista-app.mp3 O motorista de app mudou. E agora? Você foi a criança que sonhava dirigindo o carrinho da sala. Aprendeu a cidade inteira, virou motorista, levou milhares de pessoas ao destino. Viu o táxi virar Uber, o mapa virar GPS, o pagamento virar cashless. Agora a IA prevê onde tem corrida. Você continua sendo a conversa que salva o dia. Continue aprendendo no Inema ponto CLUB....
✅ [motorista-app/prof:tts] ok

▶ [motorista-app/prof:whisper] sh: source /home/nmaldaner/miniconda3/etc/profile.d/conda.sh && conda activate chatt...
✅ [motorista-app/prof:whisper] ok

▶ [motorista-app/prof:render] node render-criaprof-cta-916.js motorista-app prof...
✅ [motorista-app/prof:render] ok

▶ [motorista-app/generic:tts] node pipeline/generate-audio.js /tmp/narr/narr-criaprof-cta-generic-motorista-app.mp3 A sua profissão mudou. E agora? Você foi a criança que sonhava dirigindo o carrinho da sala. Aprendeu a cidade inteira, virou motorista, levou milhares de pessoas ao destino. Viu o táxi virar Uber, o mapa virar GPS, o pagamento virar cashless. Agora a IA prevê onde tem corrida. Você continua sendo a conversa que salva o dia. Continue aprendendo no Inema ponto CLUB....
✅ [motorista-app/generic:tts] ok

▶ [motorista-app/generic:whisper] sh: source /home/nmaldaner/miniconda3/etc/profile.d/conda.sh && conda activate chatt...
✅ [motorista-app/generic:whisper] ok

▶ [motorista-app/generic:render] node render-criaprof-cta-916.js motorista-app generic...
✅ [motorista-app/generic:render] ok

✅ [motorista-app] CTA COMPLETO (2 variantes) em 1.0 min

=============================================
=== [garcom] cta começa em 2026-05-03T21:02:05.965Z
=== log: /home/nmaldaner/projetos/timesmkt3/logs/criaprof-cta/garcom-cta.log
=============================================

▶ [garcom/prof:tts] node pipeline/generate-audio.js /tmp/narr/narr-criaprof-cta-prof-garcom.mp3 O atendimento mudou. E agora? Você foi a criança que ajudava a servir o almoço de domingo. Aprendeu cada cliente, virou garçom, alimentou milhares de conversas. Viu a comanda de papel virar tablet, a conta virar PIX, a gorjeta virar app. Agora a IA sugere prato pelo histórico. Você continua sendo o que lembra o pedido do cliente. Continue aprendendo no Inema ponto CLUB....
✅ [garcom/prof:tts] ok

▶ [garcom/prof:whisper] sh: source /home/nmaldaner/miniconda3/etc/profile.d/conda.sh && conda activate chatt...
✅ [garcom/prof:whisper] ok

▶ [garcom/prof:render] node render-criaprof-cta-916.js garcom prof...
✅ [garcom/prof:render] ok

▶ [garcom/generic:tts] node pipeline/generate-audio.js /tmp/narr/narr-criaprof-cta-generic-garcom.mp3 A sua profissão mudou. E agora? Você foi a criança que ajudava a servir o almoço de domingo. Aprendeu cada cliente, virou garçom, alimentou milhares de conversas. Viu a comanda de papel virar tablet, a conta virar PIX, a gorjeta virar app. Agora a IA sugere prato pelo histórico. Você continua sendo o que lembra o pedido do cliente. Continue aprendendo no Inema ponto CLUB....
✅ [garcom/generic:tts] ok

▶ [garcom/generic:whisper] sh: source /home/nmaldaner/miniconda3/etc/profile.d/conda.sh && conda activate chatt...
✅ [garcom/generic:whisper] ok

▶ [garcom/generic:render] node render-criaprof-cta-916.js garcom generic...
✅ [garcom/generic:render] ok

✅ [garcom] CTA COMPLETO (2 variantes) em 0.9 min

=============================================
=== [barbeiro] cta começa em 2026-05-03T21:02:59.650Z
=== log: /home/nmaldaner/projetos/timesmkt3/logs/criaprof-cta/barbeiro-cta.log
=============================================

▶ [barbeiro/prof:tts] node pipeline/generate-audio.js /tmp/narr/narr-criaprof-cta-prof-barbeiro.mp3 A barbearia mudou. E agora? Você foi a criança que cortava o cabelo do irmão. Aprendeu cada corte, virou barbeiro, definiu milhares de estilos. Viu o corte catálogo virar Instagram, o agendamento virar app, a navalha virar premium. Agora a IA simula corte antes. Você continua sendo o que conhece a cabeça do cliente. Continue aprendendo no Inema ponto CLUB....
✅ [barbeiro/prof:tts] ok

▶ [barbeiro/prof:whisper] sh: source /home/nmaldaner/miniconda3/etc/profile.d/conda.sh && conda activate chatt...
✅ [barbeiro/prof:whisper] ok

▶ [barbeiro/prof:render] node render-criaprof-cta-916.js barbeiro prof...
✅ [barbeiro/prof:render] ok

▶ [barbeiro/generic:tts] node pipeline/generate-audio.js /tmp/narr/narr-criaprof-cta-generic-barbeiro.mp3 A sua profissão mudou. E agora? Você foi a criança que cortava o cabelo do irmão. Aprendeu cada corte, virou barbeiro, definiu milhares de estilos. Viu o corte catálogo virar Instagram, o agendamento virar app, a navalha virar premium. Agora a IA simula corte antes. Você continua sendo o que conhece a cabeça do cliente. Continue aprendendo no Inema ponto CLUB....
✅ [barbeiro/generic:tts] ok

▶ [barbeiro/generic:whisper] sh: source /home/nmaldaner/miniconda3/etc/profile.d/conda.sh && conda activate chatt...
✅ [barbeiro/generic:whisper] ok

▶ [barbeiro/generic:render] node render-criaprof-cta-916.js barbeiro generic...
✅ [barbeiro/generic:render] ok

✅ [barbeiro] CTA COMPLETO (2 variantes) em 0.9 min

=============================================
=== [porteiro] cta começa em 2026-05-03T21:03:53.054Z
=== log: /home/nmaldaner/projetos/timesmkt3/logs/criaprof-cta/porteiro-cta.log
=============================================

▶ [porteiro/prof:tts] node pipeline/generate-audio.js /tmp/narr/narr-criaprof-cta-prof-porteiro.mp3 A portaria mudou. E agora? Você foi a criança que já sabia o nome de todo vizinho. Aprendeu cada rotina, virou porteiro, cuidou de milhares de famílias. Viu o livro virar sistema, a chave virar cartão, o interfone virar app. Agora a IA reconhece morador e encomenda. Você continua sendo o bom dia do dia inteiro. Continue aprendendo no Inema ponto CLUB....
✅ [porteiro/prof:tts] ok

▶ [porteiro/prof:whisper] sh: source /home/nmaldaner/miniconda3/etc/profile.d/conda.sh && conda activate chatt...
✅ [porteiro/prof:whisper] ok

▶ [porteiro/prof:render] node render-criaprof-cta-916.js porteiro prof...
✅ [porteiro/prof:render] ok

▶ [porteiro/generic:tts] node pipeline/generate-audio.js /tmp/narr/narr-criaprof-cta-generic-porteiro.mp3 A sua profissão mudou. E agora? Você foi a criança que já sabia o nome de todo vizinho. Aprendeu cada rotina, virou porteiro, cuidou de milhares de famílias. Viu o livro virar sistema, a chave virar cartão, o interfone virar app. Agora a IA reconhece morador e encomenda. Você continua sendo o bom dia do dia inteiro. Continue aprendendo no Inema ponto CLUB....
✅ [porteiro/generic:tts] ok

▶ [porteiro/generic:whisper] sh: source /home/nmaldaner/miniconda3/etc/profile.d/conda.sh && conda activate chatt...
✅ [porteiro/generic:whisper] ok

▶ [porteiro/generic:render] node render-criaprof-cta-916.js porteiro generic...
✅ [porteiro/generic:render] ok

✅ [porteiro] CTA COMPLETO (2 variantes) em 0.9 min

=============================================
=== [apicultor] cta começa em 2026-05-03T21:04:44.951Z
=== log: /home/nmaldaner/projetos/timesmkt3/logs/criaprof-cta/apicultor-cta.log
=============================================

▶ [apicultor/prof:tts] node pipeline/generate-audio.js /tmp/narr/narr-criaprof-cta-prof-apicultor.mp3 A apicultura mudou. E agora? Você foi a criança que olhava abelha por horas. Aprendeu cada comportamento, virou apicultor, colheu milhares de litros. Viu o caderno virar app, o peso virar sensor, a colheita virar dashboard. Agora a IA prevê saúde da colmeia pelo som. Você continua sendo o que escuta a colmeia calma. Continue aprendendo no Inema ponto CLUB....
✅ [apicultor/prof:tts] ok

▶ [apicultor/prof:whisper] sh: source /home/nmaldaner/miniconda3/etc/profile.d/conda.sh && conda activate chatt...
✅ [apicultor/prof:whisper] ok

▶ [apicultor/prof:render] node render-criaprof-cta-916.js apicultor prof...
✅ [apicultor/prof:render] ok

▶ [apicultor/generic:tts] node pipeline/generate-audio.js /tmp/narr/narr-criaprof-cta-generic-apicultor.mp3 A sua profissão mudou. E agora? Você foi a criança que olhava abelha por horas. Aprendeu cada comportamento, virou apicultor, colheu milhares de litros. Viu o caderno virar app, o peso virar sensor, a colheita virar dashboard. Agora a IA prevê saúde da colmeia pelo som. Você continua sendo o que escuta a colmeia calma. Continue aprendendo no Inema ponto CLUB....
✅ [apicultor/generic:tts] ok

▶ [apicultor/generic:whisper] sh: source /home/nmaldaner/miniconda3/etc/profile.d/conda.sh && conda activate chatt...
✅ [apicultor/generic:whisper] ok

▶ [apicultor/generic:render] node render-criaprof-cta-916.js apicultor generic...
✅ [apicultor/generic:render] ok

✅ [apicultor] CTA COMPLETO (2 variantes) em 0.9 min

=============================================
=== [produtor-rural] cta começa em 2026-05-03T21:05:38.742Z
=== log: /home/nmaldaner/projetos/timesmkt3/logs/criaprof-cta/produtor-rural-cta.log
=============================================

▶ [produtor-rural/prof:tts] node pipeline/generate-audio.js /tmp/narr/narr-criaprof-cta-prof-produtor-rural.mp3 A produção rural mudou. E agora? Você foi a criança que já andava no pé do gado. Aprendeu o ciclo inteiro, virou produtor rural, alimentou milhares de famílias. Viu a caderneta virar app, o rádio virar WhatsApp, o céu virar satélite. Agora a IA prevê colheita com precisão de dez metros. Você continua sendo o que sabe a chuva pelo cheiro. Continue aprendendo no Inema ponto CLUB....
✅ [produtor-rural/prof:tts] ok

▶ [produtor-rural/prof:whisper] sh: source /home/nmaldaner/miniconda3/etc/profile.d/conda.sh && conda activate chatt...
✅ [produtor-rural/prof:whisper] ok

▶ [produtor-rural/prof:render] node render-criaprof-cta-916.js produtor-rural prof...
✅ [produtor-rural/prof:render] ok

▶ [produtor-rural/generic:tts] node pipeline/generate-audio.js /tmp/narr/narr-criaprof-cta-generic-produtor-rural.mp3 A sua profissão mudou. E agora? Você foi a criança que já andava no pé do gado. Aprendeu o ciclo inteiro, virou produtor rural, alimentou milhares de famílias. Viu a caderneta virar app, o rádio virar WhatsApp, o céu virar satélite. Agora a IA prevê colheita com precisão de dez metros. Você continua sendo o que sabe a chuva pelo cheiro. Continue aprendendo no Inema ponto CLUB....
✅ [produtor-rural/generic:tts] ok

▶ [produtor-rural/generic:whisper] sh: source /home/nmaldaner/miniconda3/etc/profile.d/conda.sh && conda activate chatt...
✅ [produtor-rural/generic:whisper] ok

▶ [produtor-rural/generic:render] node render-criaprof-cta-916.js produtor-rural generic...
✅ [produtor-rural/generic:render] ok

✅ [produtor-rural] CTA COMPLETO (2 variantes) em 0.9 min

=============================================
=== [guarda-florestal] cta começa em 2026-05-03T21:06:31.995Z
=== log: /home/nmaldaner/projetos/timesmkt3/logs/criaprof-cta/guarda-florestal-cta.log
=============================================

▶ [guarda-florestal/prof:tts] node pipeline/generate-audio.js /tmp/narr/narr-criaprof-cta-prof-guarda-florestal.mp3 A conservação ambiental mudou. E agora? Você foi a criança que seguia a trilha atrás do avô. Aprendeu cada bioma, virou guarda florestal, protegeu milhares de hectares. Viu o mapa virar GPS, o rádio virar satélite, a denúncia virar app. Agora a IA prevê foco de fogo antes de estourar. Você continua sendo o que sente a floresta no vento. Continue aprendendo no Inema ponto CLUB....
✅ [guarda-florestal/prof:tts] ok

▶ [guarda-florestal/prof:whisper] sh: source /home/nmaldaner/miniconda3/etc/profile.d/conda.sh && conda activate chatt...
✅ [guarda-florestal/prof:whisper] ok

▶ [guarda-florestal/prof:render] node render-criaprof-cta-916.js guarda-florestal prof...
✅ [guarda-florestal/prof:render] ok

▶ [guarda-florestal/generic:tts] node pipeline/generate-audio.js /tmp/narr/narr-criaprof-cta-generic-guarda-florestal.mp3 A sua profissão mudou. E agora? Você foi a criança que seguia a trilha atrás do avô. Aprendeu cada bioma, virou guarda florestal, protegeu milhares de hectares. Viu o mapa virar GPS, o rádio virar satélite, a denúncia virar app. Agora a IA prevê foco de fogo antes de estourar. Você continua sendo o que sente a floresta no vento. Continue aprendendo no Inema ponto CLUB....
✅ [guarda-florestal/generic:tts] ok

▶ [guarda-florestal/generic:whisper] sh: source /home/nmaldaner/miniconda3/etc/profile.d/conda.sh && conda activate chatt...
✅ [guarda-florestal/generic:whisper] ok

▶ [guarda-florestal/generic:render] node render-criaprof-cta-916.js guarda-florestal generic...
✅ [guarda-florestal/generic:render] ok

✅ [guarda-florestal] CTA COMPLETO (2 variantes) em 1.1 min


================= BATCH CTA RESUMO =================
total slugs: 90
sucessos: 90
falhas: 0
tempo total: 27.4 min
